2016-11-18 14:41:33 [::1][-][-][error][yii\base\UnknownPropertyException] exception 'yii\base\UnknownPropertyException' with message 'Setting unknown property: api\modules\driver\models\SignupForm::fname' in C:\wamp64\www\advanced\vendor\yiisoft\yii2\base\Component.php:197
Stack trace:
#0 C:\wamp64\www\advanced\vendor\yiisoft\yii2\base\Model.php(698): yii\base\Component->__set('fname', '')
#1 C:\wamp64\www\advanced\vendor\yiisoft\yii2\base\Model.php(823): yii\base\Model->setAttributes(Array)
#2 C:\wamp64\www\advanced\api\modules\driver\controllers\DriverController.php(54): yii\base\Model->load(Array, '')
#3 [internal function]: api\modules\driver\controllers\DriverController->actionCreate()
#4 C:\wamp64\www\advanced\vendor\yiisoft\yii2\base\InlineAction.php(55): call_user_func_array(Array, Array)
#5 C:\wamp64\www\advanced\vendor\yiisoft\yii2\base\Controller.php(154): yii\base\InlineAction->runWithParams(Array)
#6 C:\wamp64\www\advanced\vendor\yiisoft\yii2\base\Module.php(454): yii\base\Controller->runAction('create', Array)
#7 C:\wamp64\www\advanced\vendor\yiisoft\yii2\web\Application.php(100): yii\base\Module->runAction('driver/driver/c...', Array)
#8 C:\wamp64\www\advanced\vendor\yiisoft\yii2\base\Application.php(375): yii\web\Application->handleRequest(Object(yii\web\Request))
#9 C:\wamp64\www\advanced\api\web\index.php(19): yii\base\Application->run()
#10 {main}
2016-11-18 14:41:33 [::1][-][-][info][application] $_POST = [
    'email' => 'ashish@gmail.com'
    'password' => '123456'
    'phone_number' => '9988776655'
    'fname' => ''
    'lname' => 'rawat'
    'zipcode' => '91'
]

$_SERVER = [
    'REDIRECT_STATUS' => '200'
    'HTTP_HOST' => 'localhost'
    'CONTENT_TYPE' => 'application/x-www-form-urlencoded'
    'CONTENT_LENGTH' => '92'
    'PATH' => 'C:\\Program Files\\Broadcom\\Broadcom 802.11;C:\\Windows\\system32;C:\\Windows;C:\\Windows\\System32\\Wbem;C:\\Windows\\System32\\WindowsPowerShell\\v1.0\\;C:\\Program Files (x86)\\Brackets\\command;C:\\Program Files\\nodejs\\;C:\\wamp\\bin\\php\\php5.5.12;C:\\Program Files (x86)\\Skype\\Phone\\;C:\\ProgramData\\ComposerSetup\\bin;'
    'SystemRoot' => 'C:\\Windows'
    'COMSPEC' => 'C:\\Windows\\system32\\cmd.exe'
    'PATHEXT' => '.COM;.EXE;.BAT;.CMD;.VBS;.VBE;.JS;.JSE;.WSF;.WSH;.MSC'
    'WINDIR' => 'C:\\Windows'
    'SERVER_SIGNATURE' => '<address>Apache/2.4.23 (Win64) PHP/5.6.25 Server at localhost Port 80</address>
'
    'SERVER_SOFTWARE' => 'Apache/2.4.23 (Win64) PHP/5.6.25'
    'SERVER_NAME' => 'localhost'
    'SERVER_ADDR' => '::1'
    'SERVER_PORT' => '80'
    'REMOTE_ADDR' => '::1'
    'DOCUMENT_ROOT' => 'C:/wamp64/www'
    'REQUEST_SCHEME' => 'http'
    'CONTEXT_PREFIX' => ''
    'CONTEXT_DOCUMENT_ROOT' => 'C:/wamp64/www'
    'SERVER_ADMIN' => 'wampserver@wampserver.invalid'
    'SCRIPT_FILENAME' => 'C:/wamp64/www/advanced/api/web/index.php'
    'REMOTE_PORT' => '61139'
    'REDIRECT_URL' => '/advanced/api/web/driver/drivers'
    'GATEWAY_INTERFACE' => 'CGI/1.1'
    'SERVER_PROTOCOL' => 'HTTP/1.1'
    'REQUEST_METHOD' => 'POST'
    'QUERY_STRING' => ''
    'REQUEST_URI' => '/advanced/api/web/driver/drivers'
    'SCRIPT_NAME' => '/advanced/api/web/index.php'
    'PHP_SELF' => '/advanced/api/web/index.php'
    'REQUEST_TIME_FLOAT' => 1479460293.173
    'REQUEST_TIME' => 1479460293
]
2016-11-18 14:42:39 [::1][-][-][error][yii\db\Exception] exception 'PDOException' with message 'SQLSTATE[42S02]: Base table or view not found: 1146 Table 'mobenture_bamboo.driver' doesn't exist' in C:\wamp64\www\advanced\vendor\yiisoft\yii2\db\Command.php:900
Stack trace:
#0 C:\wamp64\www\advanced\vendor\yiisoft\yii2\db\Command.php(900): PDOStatement->execute()
#1 C:\wamp64\www\advanced\vendor\yiisoft\yii2\db\Command.php(388): yii\db\Command->queryInternal('fetchColumn', 0)
#2 C:\wamp64\www\advanced\vendor\yiisoft\yii2\db\Query.php(370): yii\db\Command->queryScalar()
#3 C:\wamp64\www\advanced\vendor\yiisoft\yii2\validators\UniqueValidator.php(144): yii\db\Query->exists()
#4 C:\wamp64\www\advanced\vendor\yiisoft\yii2\validators\Validator.php(265): yii\validators\UniqueValidator->validateAttribute(Object(api\modules\driver\models\SignupForm), 'email')
#5 C:\wamp64\www\advanced\vendor\yiisoft\yii2\base\Model.php(356): yii\validators\Validator->validateAttributes(Object(api\modules\driver\models\SignupForm), Array)
#6 C:\wamp64\www\advanced\api\modules\driver\controllers\DriverController.php(55): yii\base\Model->validate()
#7 [internal function]: api\modules\driver\controllers\DriverController->actionCreate()
#8 C:\wamp64\www\advanced\vendor\yiisoft\yii2\base\InlineAction.php(55): call_user_func_array(Array, Array)
#9 C:\wamp64\www\advanced\vendor\yiisoft\yii2\base\Controller.php(154): yii\base\InlineAction->runWithParams(Array)
#10 C:\wamp64\www\advanced\vendor\yiisoft\yii2\base\Module.php(454): yii\base\Controller->runAction('create', Array)
#11 C:\wamp64\www\advanced\vendor\yiisoft\yii2\web\Application.php(100): yii\base\Module->runAction('driver/driver/c...', Array)
#12 C:\wamp64\www\advanced\vendor\yiisoft\yii2\base\Application.php(375): yii\web\Application->handleRequest(Object(yii\web\Request))
#13 C:\wamp64\www\advanced\api\web\index.php(19): yii\base\Application->run()
#14 {main}

Next exception 'yii\db\Exception' with message 'SQLSTATE[42S02]: Base table or view not found: 1146 Table 'mobenture_bamboo.driver' doesn't exist
The SQL being executed was: SELECT EXISTS(SELECT * FROM `driver` WHERE `email`='ashish@gmail.com')' in C:\wamp64\www\advanced\vendor\yiisoft\yii2\db\Schema.php:631
Stack trace:
#0 C:\wamp64\www\advanced\vendor\yiisoft\yii2\db\Command.php(915): yii\db\Schema->convertException(Object(PDOException), 'SELECT EXISTS(S...')
#1 C:\wamp64\www\advanced\vendor\yiisoft\yii2\db\Command.php(388): yii\db\Command->queryInternal('fetchColumn', 0)
#2 C:\wamp64\www\advanced\vendor\yiisoft\yii2\db\Query.php(370): yii\db\Command->queryScalar()
#3 C:\wamp64\www\advanced\vendor\yiisoft\yii2\validators\UniqueValidator.php(144): yii\db\Query->exists()
#4 C:\wamp64\www\advanced\vendor\yiisoft\yii2\validators\Validator.php(265): yii\validators\UniqueValidator->validateAttribute(Object(api\modules\driver\models\SignupForm), 'email')
#5 C:\wamp64\www\advanced\vendor\yiisoft\yii2\base\Model.php(356): yii\validators\Validator->validateAttributes(Object(api\modules\driver\models\SignupForm), Array)
#6 C:\wamp64\www\advanced\api\modules\driver\controllers\DriverController.php(55): yii\base\Model->validate()
#7 [internal function]: api\modules\driver\controllers\DriverController->actionCreate()
#8 C:\wamp64\www\advanced\vendor\yiisoft\yii2\base\InlineAction.php(55): call_user_func_array(Array, Array)
#9 C:\wamp64\www\advanced\vendor\yiisoft\yii2\base\Controller.php(154): yii\base\InlineAction->runWithParams(Array)
#10 C:\wamp64\www\advanced\vendor\yiisoft\yii2\base\Module.php(454): yii\base\Controller->runAction('create', Array)
#11 C:\wamp64\www\advanced\vendor\yiisoft\yii2\web\Application.php(100): yii\base\Module->runAction('driver/driver/c...', Array)
#12 C:\wamp64\www\advanced\vendor\yiisoft\yii2\base\Application.php(375): yii\web\Application->handleRequest(Object(yii\web\Request))
#13 C:\wamp64\www\advanced\api\web\index.php(19): yii\base\Application->run()
#14 {main}
Additional Information:
Array
(
    [0] => 42S02
    [1] => 1146
    [2] => Table 'mobenture_bamboo.driver' doesn't exist
)

2016-11-18 14:42:39 [::1][-][-][info][application] $_POST = [
    'email' => 'ashish@gmail.com'
    'password' => '123456'
    'phone_number' => '9988776655'
    'fname' => ''
    'lname' => 'rawat'
    'zipcode' => '91'
]

$_SERVER = [
    'REDIRECT_STATUS' => '200'
    'HTTP_HOST' => 'localhost'
    'CONTENT_TYPE' => 'application/x-www-form-urlencoded'
    'CONTENT_LENGTH' => '92'
    'PATH' => 'C:\\Program Files\\Broadcom\\Broadcom 802.11;C:\\Windows\\system32;C:\\Windows;C:\\Windows\\System32\\Wbem;C:\\Windows\\System32\\WindowsPowerShell\\v1.0\\;C:\\Program Files (x86)\\Brackets\\command;C:\\Program Files\\nodejs\\;C:\\wamp\\bin\\php\\php5.5.12;C:\\Program Files (x86)\\Skype\\Phone\\;C:\\ProgramData\\ComposerSetup\\bin;'
    'SystemRoot' => 'C:\\Windows'
    'COMSPEC' => 'C:\\Windows\\system32\\cmd.exe'
    'PATHEXT' => '.COM;.EXE;.BAT;.CMD;.VBS;.VBE;.JS;.JSE;.WSF;.WSH;.MSC'
    'WINDIR' => 'C:\\Windows'
    'SERVER_SIGNATURE' => '<address>Apache/2.4.23 (Win64) PHP/5.6.25 Server at localhost Port 80</address>
'
    'SERVER_SOFTWARE' => 'Apache/2.4.23 (Win64) PHP/5.6.25'
    'SERVER_NAME' => 'localhost'
    'SERVER_ADDR' => '::1'
    'SERVER_PORT' => '80'
    'REMOTE_ADDR' => '::1'
    'DOCUMENT_ROOT' => 'C:/wamp64/www'
    'REQUEST_SCHEME' => 'http'
    'CONTEXT_PREFIX' => ''
    'CONTEXT_DOCUMENT_ROOT' => 'C:/wamp64/www'
    'SERVER_ADMIN' => 'wampserver@wampserver.invalid'
    'SCRIPT_FILENAME' => 'C:/wamp64/www/advanced/api/web/index.php'
    'REMOTE_PORT' => '61144'
    'REDIRECT_URL' => '/advanced/api/web/driver/drivers'
    'GATEWAY_INTERFACE' => 'CGI/1.1'
    'SERVER_PROTOCOL' => 'HTTP/1.1'
    'REQUEST_METHOD' => 'POST'
    'QUERY_STRING' => ''
    'REQUEST_URI' => '/advanced/api/web/driver/drivers'
    'SCRIPT_NAME' => '/advanced/api/web/index.php'
    'PHP_SELF' => '/advanced/api/web/index.php'
    'REQUEST_TIME_FLOAT' => 1479460359.794
    'REQUEST_TIME' => 1479460359
]
2016-11-18 14:44:29 [::1][-][-][error][yii\base\ErrorException:8] exception 'yii\base\ErrorException' with message 'Use of undefined constant YES - assumed 'YES'' in C:\wamp64\www\advanced\api\modules\driver\models\SignupForm.php:54
Stack trace:
#0 C:\wamp64\www\advanced\vendor\yiisoft\yii2\base\InlineAction.php(55): api\modules\driver\controllers\DriverController->actionCreate()
#1 C:\wamp64\www\advanced\vendor\yiisoft\yii2\base\InlineAction.php(55): ::call_user_func_array:{C:\wamp64\www\advanced\vendor\yiisoft\yii2\base\InlineAction.php:55}()
#2 C:\wamp64\www\advanced\vendor\yiisoft\yii2\base\Controller.php(154): yii\base\InlineAction->runWithParams()
#3 C:\wamp64\www\advanced\vendor\yiisoft\yii2\base\Module.php(454): yii\base\Controller->runAction()
#4 C:\wamp64\www\advanced\vendor\yiisoft\yii2\web\Application.php(100): yii\base\Module->runAction()
#5 C:\wamp64\www\advanced\vendor\yiisoft\yii2\base\Application.php(375): yii\web\Application->handleRequest()
#6 C:\wamp64\www\advanced\api\web\index.php(19): yii\base\Application->run()
#7 {main}
2016-11-18 14:44:29 [::1][-][-][info][application] $_POST = [
    'email' => 'ashish@gmail.com'
    'password' => '123456'
    'phone_number' => '9988776655'
    'fname' => 'ashish'
    'lname' => 'rawat'
    'zipcode' => '91'
]

$_SERVER = [
    'REDIRECT_STATUS' => '200'
    'HTTP_HOST' => 'localhost'
    'CONTENT_TYPE' => 'application/x-www-form-urlencoded'
    'CONTENT_LENGTH' => '98'
    'PATH' => 'C:\\Program Files\\Broadcom\\Broadcom 802.11;C:\\Windows\\system32;C:\\Windows;C:\\Windows\\System32\\Wbem;C:\\Windows\\System32\\WindowsPowerShell\\v1.0\\;C:\\Program Files (x86)\\Brackets\\command;C:\\Program Files\\nodejs\\;C:\\wamp\\bin\\php\\php5.5.12;C:\\Program Files (x86)\\Skype\\Phone\\;C:\\ProgramData\\ComposerSetup\\bin;'
    'SystemRoot' => 'C:\\Windows'
    'COMSPEC' => 'C:\\Windows\\system32\\cmd.exe'
    'PATHEXT' => '.COM;.EXE;.BAT;.CMD;.VBS;.VBE;.JS;.JSE;.WSF;.WSH;.MSC'
    'WINDIR' => 'C:\\Windows'
    'SERVER_SIGNATURE' => '<address>Apache/2.4.23 (Win64) PHP/5.6.25 Server at localhost Port 80</address>
'
    'SERVER_SOFTWARE' => 'Apache/2.4.23 (Win64) PHP/5.6.25'
    'SERVER_NAME' => 'localhost'
    'SERVER_ADDR' => '::1'
    'SERVER_PORT' => '80'
    'REMOTE_ADDR' => '::1'
    'DOCUMENT_ROOT' => 'C:/wamp64/www'
    'REQUEST_SCHEME' => 'http'
    'CONTEXT_PREFIX' => ''
    'CONTEXT_DOCUMENT_ROOT' => 'C:/wamp64/www'
    'SERVER_ADMIN' => 'wampserver@wampserver.invalid'
    'SCRIPT_FILENAME' => 'C:/wamp64/www/advanced/api/web/index.php'
    'REMOTE_PORT' => '61188'
    'REDIRECT_URL' => '/advanced/api/web/driver/drivers'
    'GATEWAY_INTERFACE' => 'CGI/1.1'
    'SERVER_PROTOCOL' => 'HTTP/1.1'
    'REQUEST_METHOD' => 'POST'
    'QUERY_STRING' => ''
    'REQUEST_URI' => '/advanced/api/web/driver/drivers'
    'SCRIPT_NAME' => '/advanced/api/web/index.php'
    'PHP_SELF' => '/advanced/api/web/index.php'
    'REQUEST_TIME_FLOAT' => 1479460469.67
    'REQUEST_TIME' => 1479460469
]
2016-11-18 14:45:26 [::1][-][-][error][yii\base\ErrorException:8] exception 'yii\base\ErrorException' with message 'Use of undefined constant YES - assumed 'YES'' in C:\wamp64\www\advanced\api\modules\driver\models\SignupForm.php:54
Stack trace:
#0 C:\wamp64\www\advanced\vendor\yiisoft\yii2\base\InlineAction.php(55): api\modules\driver\controllers\DriverController->actionCreate()
#1 C:\wamp64\www\advanced\vendor\yiisoft\yii2\base\InlineAction.php(55): ::call_user_func_array:{C:\wamp64\www\advanced\vendor\yiisoft\yii2\base\InlineAction.php:55}()
#2 C:\wamp64\www\advanced\vendor\yiisoft\yii2\base\Controller.php(154): yii\base\InlineAction->runWithParams()
#3 C:\wamp64\www\advanced\vendor\yiisoft\yii2\base\Module.php(454): yii\base\Controller->runAction()
#4 C:\wamp64\www\advanced\vendor\yiisoft\yii2\web\Application.php(100): yii\base\Module->runAction()
#5 C:\wamp64\www\advanced\vendor\yiisoft\yii2\base\Application.php(375): yii\web\Application->handleRequest()
#6 C:\wamp64\www\advanced\api\web\index.php(19): yii\base\Application->run()
#7 {main}
2016-11-18 14:45:26 [::1][-][-][info][application] $_POST = [
    'email' => 'ashish@gmail.com'
    'password' => '123456'
    'phone_number' => '9988776655'
    'fname' => 'ashish'
    'lname' => 'rawat'
    'zipcode' => '91'
]

$_SERVER = [
    'REDIRECT_STATUS' => '200'
    'HTTP_HOST' => 'localhost'
    'CONTENT_TYPE' => 'application/x-www-form-urlencoded'
    'CONTENT_LENGTH' => '98'
    'PATH' => 'C:\\Program Files\\Broadcom\\Broadcom 802.11;C:\\Windows\\system32;C:\\Windows;C:\\Windows\\System32\\Wbem;C:\\Windows\\System32\\WindowsPowerShell\\v1.0\\;C:\\Program Files (x86)\\Brackets\\command;C:\\Program Files\\nodejs\\;C:\\wamp\\bin\\php\\php5.5.12;C:\\Program Files (x86)\\Skype\\Phone\\;C:\\ProgramData\\ComposerSetup\\bin;'
    'SystemRoot' => 'C:\\Windows'
    'COMSPEC' => 'C:\\Windows\\system32\\cmd.exe'
    'PATHEXT' => '.COM;.EXE;.BAT;.CMD;.VBS;.VBE;.JS;.JSE;.WSF;.WSH;.MSC'
    'WINDIR' => 'C:\\Windows'
    'SERVER_SIGNATURE' => '<address>Apache/2.4.23 (Win64) PHP/5.6.25 Server at localhost Port 80</address>
'
    'SERVER_SOFTWARE' => 'Apache/2.4.23 (Win64) PHP/5.6.25'
    'SERVER_NAME' => 'localhost'
    'SERVER_ADDR' => '::1'
    'SERVER_PORT' => '80'
    'REMOTE_ADDR' => '::1'
    'DOCUMENT_ROOT' => 'C:/wamp64/www'
    'REQUEST_SCHEME' => 'http'
    'CONTEXT_PREFIX' => ''
    'CONTEXT_DOCUMENT_ROOT' => 'C:/wamp64/www'
    'SERVER_ADMIN' => 'wampserver@wampserver.invalid'
    'SCRIPT_FILENAME' => 'C:/wamp64/www/advanced/api/web/index.php'
    'REMOTE_PORT' => '61198'
    'REDIRECT_URL' => '/advanced/api/web/driver/drivers'
    'GATEWAY_INTERFACE' => 'CGI/1.1'
    'SERVER_PROTOCOL' => 'HTTP/1.1'
    'REQUEST_METHOD' => 'POST'
    'QUERY_STRING' => ''
    'REQUEST_URI' => '/advanced/api/web/driver/drivers'
    'SCRIPT_NAME' => '/advanced/api/web/index.php'
    'PHP_SELF' => '/advanced/api/web/index.php'
    'REQUEST_TIME_FLOAT' => 1479460526.859
    'REQUEST_TIME' => 1479460526
]
2016-11-18 14:47:05 [::1][-][-][error][yii\base\UnknownPropertyException] exception 'yii\base\UnknownPropertyException' with message 'Getting unknown property: common\models\Driver::status' in C:\wamp64\www\advanced\vendor\yiisoft\yii2\base\Component.php:143
Stack trace:
#0 C:\wamp64\www\advanced\vendor\yiisoft\yii2\db\BaseActiveRecord.php(286): yii\base\Component->__get('status')
#1 C:\wamp64\www\advanced\vendor\yiisoft\yii2\validators\DefaultValueValidator.php(46): yii\db\BaseActiveRecord->__get('status')
#2 C:\wamp64\www\advanced\vendor\yiisoft\yii2\validators\Validator.php(265): yii\validators\DefaultValueValidator->validateAttribute(Object(common\models\Driver), 'status')
#3 C:\wamp64\www\advanced\vendor\yiisoft\yii2\base\Model.php(356): yii\validators\Validator->validateAttributes(Object(common\models\Driver), Array)
#4 C:\wamp64\www\advanced\vendor\yiisoft\yii2\db\ActiveRecord.php(421): yii\base\Model->validate(NULL)
#5 C:\wamp64\www\advanced\vendor\yiisoft\yii2\db\BaseActiveRecord.php(632): yii\db\ActiveRecord->insert(true, NULL)
#6 C:\wamp64\www\advanced\api\modules\driver\models\SignupForm.php(64): yii\db\BaseActiveRecord->save()
#7 C:\wamp64\www\advanced\api\modules\driver\controllers\DriverController.php(56): api\modules\driver\models\SignupForm->signup()
#8 [internal function]: api\modules\driver\controllers\DriverController->actionCreate()
#9 C:\wamp64\www\advanced\vendor\yiisoft\yii2\base\InlineAction.php(55): call_user_func_array(Array, Array)
#10 C:\wamp64\www\advanced\vendor\yiisoft\yii2\base\Controller.php(154): yii\base\InlineAction->runWithParams(Array)
#11 C:\wamp64\www\advanced\vendor\yiisoft\yii2\base\Module.php(454): yii\base\Controller->runAction('create', Array)
#12 C:\wamp64\www\advanced\vendor\yiisoft\yii2\web\Application.php(100): yii\base\Module->runAction('driver/driver/c...', Array)
#13 C:\wamp64\www\advanced\vendor\yiisoft\yii2\base\Application.php(375): yii\web\Application->handleRequest(Object(yii\web\Request))
#14 C:\wamp64\www\advanced\api\web\index.php(19): yii\base\Application->run()
#15 {main}
2016-11-18 14:47:04 [::1][-][-][info][application] $_POST = [
    'email' => 'ashish@gmail.com'
    'password' => '123456'
    'phone_number' => '9988776655'
    'fname' => 'ashish'
    'lname' => 'rawat'
    'zipcode' => '91'
]

$_SERVER = [
    'REDIRECT_STATUS' => '200'
    'HTTP_HOST' => 'localhost'
    'CONTENT_TYPE' => 'application/x-www-form-urlencoded'
    'CONTENT_LENGTH' => '98'
    'PATH' => 'C:\\Program Files\\Broadcom\\Broadcom 802.11;C:\\Windows\\system32;C:\\Windows;C:\\Windows\\System32\\Wbem;C:\\Windows\\System32\\WindowsPowerShell\\v1.0\\;C:\\Program Files (x86)\\Brackets\\command;C:\\Program Files\\nodejs\\;C:\\wamp\\bin\\php\\php5.5.12;C:\\Program Files (x86)\\Skype\\Phone\\;C:\\ProgramData\\ComposerSetup\\bin;'
    'SystemRoot' => 'C:\\Windows'
    'COMSPEC' => 'C:\\Windows\\system32\\cmd.exe'
    'PATHEXT' => '.COM;.EXE;.BAT;.CMD;.VBS;.VBE;.JS;.JSE;.WSF;.WSH;.MSC'
    'WINDIR' => 'C:\\Windows'
    'SERVER_SIGNATURE' => '<address>Apache/2.4.23 (Win64) PHP/5.6.25 Server at localhost Port 80</address>
'
    'SERVER_SOFTWARE' => 'Apache/2.4.23 (Win64) PHP/5.6.25'
    'SERVER_NAME' => 'localhost'
    'SERVER_ADDR' => '::1'
    'SERVER_PORT' => '80'
    'REMOTE_ADDR' => '::1'
    'DOCUMENT_ROOT' => 'C:/wamp64/www'
    'REQUEST_SCHEME' => 'http'
    'CONTEXT_PREFIX' => ''
    'CONTEXT_DOCUMENT_ROOT' => 'C:/wamp64/www'
    'SERVER_ADMIN' => 'wampserver@wampserver.invalid'
    'SCRIPT_FILENAME' => 'C:/wamp64/www/advanced/api/web/index.php'
    'REMOTE_PORT' => '61265'
    'REDIRECT_URL' => '/advanced/api/web/driver/drivers'
    'GATEWAY_INTERFACE' => 'CGI/1.1'
    'SERVER_PROTOCOL' => 'HTTP/1.1'
    'REQUEST_METHOD' => 'POST'
    'QUERY_STRING' => ''
    'REQUEST_URI' => '/advanced/api/web/driver/drivers'
    'SCRIPT_NAME' => '/advanced/api/web/index.php'
    'PHP_SELF' => '/advanced/api/web/index.php'
    'REQUEST_TIME_FLOAT' => 1479460624.34
    'REQUEST_TIME' => 1479460624
]
2016-11-18 14:47:56 [::1][-][-][error][yii\base\UnknownPropertyException] exception 'yii\base\UnknownPropertyException' with message 'Setting unknown property: common\models\Driver::created_at' in C:\wamp64\www\advanced\vendor\yiisoft\yii2\base\Component.php:197
Stack trace:
#0 C:\wamp64\www\advanced\vendor\yiisoft\yii2\db\BaseActiveRecord.php(306): yii\base\Component->__set('created_at', 1479460676)
#1 C:\wamp64\www\advanced\vendor\yiisoft\yii2\behaviors\AttributeBehavior.php(121): yii\db\BaseActiveRecord->__set('created_at', 1479460676)
#2 [internal function]: yii\behaviors\AttributeBehavior->evaluateAttributes(Object(yii\base\ModelEvent))
#3 C:\wamp64\www\advanced\vendor\yiisoft\yii2\base\Component.php(540): call_user_func(Array, Object(yii\base\ModelEvent))
#4 C:\wamp64\www\advanced\vendor\yiisoft\yii2\db\BaseActiveRecord.php(927): yii\base\Component->trigger('beforeInsert', Object(yii\base\ModelEvent))
#5 C:\wamp64\www\advanced\vendor\yiisoft\yii2\db\ActiveRecord.php(453): yii\db\BaseActiveRecord->beforeSave(true)
#6 C:\wamp64\www\advanced\vendor\yiisoft\yii2\db\ActiveRecord.php(427): yii\db\ActiveRecord->insertInternal(NULL)
#7 C:\wamp64\www\advanced\vendor\yiisoft\yii2\db\BaseActiveRecord.php(632): yii\db\ActiveRecord->insert(true, NULL)
#8 C:\wamp64\www\advanced\api\modules\driver\models\SignupForm.php(64): yii\db\BaseActiveRecord->save()
#9 C:\wamp64\www\advanced\api\modules\driver\controllers\DriverController.php(56): api\modules\driver\models\SignupForm->signup()
#10 [internal function]: api\modules\driver\controllers\DriverController->actionCreate()
#11 C:\wamp64\www\advanced\vendor\yiisoft\yii2\base\InlineAction.php(55): call_user_func_array(Array, Array)
#12 C:\wamp64\www\advanced\vendor\yiisoft\yii2\base\Controller.php(154): yii\base\InlineAction->runWithParams(Array)
#13 C:\wamp64\www\advanced\vendor\yiisoft\yii2\base\Module.php(454): yii\base\Controller->runAction('create', Array)
#14 C:\wamp64\www\advanced\vendor\yiisoft\yii2\web\Application.php(100): yii\base\Module->runAction('driver/driver/c...', Array)
#15 C:\wamp64\www\advanced\vendor\yiisoft\yii2\base\Application.php(375): yii\web\Application->handleRequest(Object(yii\web\Request))
#16 C:\wamp64\www\advanced\api\web\index.php(19): yii\base\Application->run()
#17 {main}
2016-11-18 14:47:55 [::1][-][-][info][application] $_POST = [
    'email' => 'ashish@gmail.com'
    'password' => '123456'
    'phone_number' => '9988776655'
    'fname' => 'ashish'
    'lname' => 'rawat'
    'zipcode' => '91'
]

$_SERVER = [
    'REDIRECT_STATUS' => '200'
    'HTTP_HOST' => 'localhost'
    'CONTENT_TYPE' => 'application/x-www-form-urlencoded'
    'CONTENT_LENGTH' => '98'
    'PATH' => 'C:\\Program Files\\Broadcom\\Broadcom 802.11;C:\\Windows\\system32;C:\\Windows;C:\\Windows\\System32\\Wbem;C:\\Windows\\System32\\WindowsPowerShell\\v1.0\\;C:\\Program Files (x86)\\Brackets\\command;C:\\Program Files\\nodejs\\;C:\\wamp\\bin\\php\\php5.5.12;C:\\Program Files (x86)\\Skype\\Phone\\;C:\\ProgramData\\ComposerSetup\\bin;'
    'SystemRoot' => 'C:\\Windows'
    'COMSPEC' => 'C:\\Windows\\system32\\cmd.exe'
    'PATHEXT' => '.COM;.EXE;.BAT;.CMD;.VBS;.VBE;.JS;.JSE;.WSF;.WSH;.MSC'
    'WINDIR' => 'C:\\Windows'
    'SERVER_SIGNATURE' => '<address>Apache/2.4.23 (Win64) PHP/5.6.25 Server at localhost Port 80</address>
'
    'SERVER_SOFTWARE' => 'Apache/2.4.23 (Win64) PHP/5.6.25'
    'SERVER_NAME' => 'localhost'
    'SERVER_ADDR' => '::1'
    'SERVER_PORT' => '80'
    'REMOTE_ADDR' => '::1'
    'DOCUMENT_ROOT' => 'C:/wamp64/www'
    'REQUEST_SCHEME' => 'http'
    'CONTEXT_PREFIX' => ''
    'CONTEXT_DOCUMENT_ROOT' => 'C:/wamp64/www'
    'SERVER_ADMIN' => 'wampserver@wampserver.invalid'
    'SCRIPT_FILENAME' => 'C:/wamp64/www/advanced/api/web/index.php'
    'REMOTE_PORT' => '61273'
    'REDIRECT_URL' => '/advanced/api/web/driver/drivers'
    'GATEWAY_INTERFACE' => 'CGI/1.1'
    'SERVER_PROTOCOL' => 'HTTP/1.1'
    'REQUEST_METHOD' => 'POST'
    'QUERY_STRING' => ''
    'REQUEST_URI' => '/advanced/api/web/driver/drivers'
    'SCRIPT_NAME' => '/advanced/api/web/index.php'
    'PHP_SELF' => '/advanced/api/web/index.php'
    'REQUEST_TIME_FLOAT' => 1479460675.895
    'REQUEST_TIME' => 1479460675
]
2016-11-18 14:53:05 [::1][-][-][error][yii\db\Exception] exception 'PDOException' with message 'SQLSTATE[HY000]: General error: 1364 Field 'lname' doesn't have a default value' in C:\wamp64\www\advanced\vendor\yiisoft\yii2\db\Command.php:844
Stack trace:
#0 C:\wamp64\www\advanced\vendor\yiisoft\yii2\db\Command.php(844): PDOStatement->execute()
#1 C:\wamp64\www\advanced\vendor\yiisoft\yii2\db\Schema.php(449): yii\db\Command->execute()
#2 C:\wamp64\www\advanced\vendor\yiisoft\yii2\db\ActiveRecord.php(457): yii\db\Schema->insert('{{%driver}}', Array)
#3 C:\wamp64\www\advanced\vendor\yiisoft\yii2\db\ActiveRecord.php(427): yii\db\ActiveRecord->insertInternal(NULL)
#4 C:\wamp64\www\advanced\vendor\yiisoft\yii2\db\BaseActiveRecord.php(632): yii\db\ActiveRecord->insert(true, NULL)
#5 C:\wamp64\www\advanced\api\modules\driver\models\SignupForm.php(64): yii\db\BaseActiveRecord->save()
#6 C:\wamp64\www\advanced\api\modules\driver\controllers\DriverController.php(56): api\modules\driver\models\SignupForm->signup()
#7 [internal function]: api\modules\driver\controllers\DriverController->actionCreate()
#8 C:\wamp64\www\advanced\vendor\yiisoft\yii2\base\InlineAction.php(55): call_user_func_array(Array, Array)
#9 C:\wamp64\www\advanced\vendor\yiisoft\yii2\base\Controller.php(154): yii\base\InlineAction->runWithParams(Array)
#10 C:\wamp64\www\advanced\vendor\yiisoft\yii2\base\Module.php(454): yii\base\Controller->runAction('create', Array)
#11 C:\wamp64\www\advanced\vendor\yiisoft\yii2\web\Application.php(100): yii\base\Module->runAction('driver/driver/c...', Array)
#12 C:\wamp64\www\advanced\vendor\yiisoft\yii2\base\Application.php(375): yii\web\Application->handleRequest(Object(yii\web\Request))
#13 C:\wamp64\www\advanced\api\web\index.php(19): yii\base\Application->run()
#14 {main}

Next exception 'yii\db\Exception' with message 'SQLSTATE[HY000]: General error: 1364 Field 'lname' doesn't have a default value
The SQL being executed was: INSERT INTO `driver` (`fname`, `phone_number`, `zipcode`, `email`, `password_hash`, `otp`, `auth_key`, `created_at`, `updated_at`) VALUES ('ashish', '9988776655', '91', 'ashish@gmail.com', '$2y$13$vi.8zFvcwvXXajMN.6hjZOsvtS/TA7uEWQtb4gKf6F2pLKpq2r3z2', 'd41d8cd98f00b204e9800998ecf8427e', 'hQ4_GpfNkcry0w5ORoo1L13DQOfRD06P', 1479460985, 1479460985)' in C:\wamp64\www\advanced\vendor\yiisoft\yii2\db\Schema.php:631
Stack trace:
#0 C:\wamp64\www\advanced\vendor\yiisoft\yii2\db\Command.php(854): yii\db\Schema->convertException(Object(PDOException), 'INSERT INTO `dr...')
#1 C:\wamp64\www\advanced\vendor\yiisoft\yii2\db\Schema.php(449): yii\db\Command->execute()
#2 C:\wamp64\www\advanced\vendor\yiisoft\yii2\db\ActiveRecord.php(457): yii\db\Schema->insert('{{%driver}}', Array)
#3 C:\wamp64\www\advanced\vendor\yiisoft\yii2\db\ActiveRecord.php(427): yii\db\ActiveRecord->insertInternal(NULL)
#4 C:\wamp64\www\advanced\vendor\yiisoft\yii2\db\BaseActiveRecord.php(632): yii\db\ActiveRecord->insert(true, NULL)
#5 C:\wamp64\www\advanced\api\modules\driver\models\SignupForm.php(64): yii\db\BaseActiveRecord->save()
#6 C:\wamp64\www\advanced\api\modules\driver\controllers\DriverController.php(56): api\modules\driver\models\SignupForm->signup()
#7 [internal function]: api\modules\driver\controllers\DriverController->actionCreate()
#8 C:\wamp64\www\advanced\vendor\yiisoft\yii2\base\InlineAction.php(55): call_user_func_array(Array, Array)
#9 C:\wamp64\www\advanced\vendor\yiisoft\yii2\base\Controller.php(154): yii\base\InlineAction->runWithParams(Array)
#10 C:\wamp64\www\advanced\vendor\yiisoft\yii2\base\Module.php(454): yii\base\Controller->runAction('create', Array)
#11 C:\wamp64\www\advanced\vendor\yiisoft\yii2\web\Application.php(100): yii\base\Module->runAction('driver/driver/c...', Array)
#12 C:\wamp64\www\advanced\vendor\yiisoft\yii2\base\Application.php(375): yii\web\Application->handleRequest(Object(yii\web\Request))
#13 C:\wamp64\www\advanced\api\web\index.php(19): yii\base\Application->run()
#14 {main}
Additional Information:
Array
(
    [0] => HY000
    [1] => 1364
    [2] => Field 'lname' doesn't have a default value
)

2016-11-18 14:53:04 [::1][-][-][info][application] $_POST = [
    'email' => 'ashish@gmail.com'
    'password' => '123456'
    'phone_number' => '9988776655'
    'fname' => 'ashish'
    'lname' => 'rawat'
    'zipcode' => '91'
]

$_SERVER = [
    'REDIRECT_STATUS' => '200'
    'HTTP_HOST' => 'localhost'
    'CONTENT_TYPE' => 'application/x-www-form-urlencoded'
    'CONTENT_LENGTH' => '98'
    'PATH' => 'C:\\Program Files\\Broadcom\\Broadcom 802.11;C:\\Windows\\system32;C:\\Windows;C:\\Windows\\System32\\Wbem;C:\\Windows\\System32\\WindowsPowerShell\\v1.0\\;C:\\Program Files (x86)\\Brackets\\command;C:\\Program Files\\nodejs\\;C:\\wamp\\bin\\php\\php5.5.12;C:\\Program Files (x86)\\Skype\\Phone\\;C:\\ProgramData\\ComposerSetup\\bin;'
    'SystemRoot' => 'C:\\Windows'
    'COMSPEC' => 'C:\\Windows\\system32\\cmd.exe'
    'PATHEXT' => '.COM;.EXE;.BAT;.CMD;.VBS;.VBE;.JS;.JSE;.WSF;.WSH;.MSC'
    'WINDIR' => 'C:\\Windows'
    'SERVER_SIGNATURE' => '<address>Apache/2.4.23 (Win64) PHP/5.6.25 Server at localhost Port 80</address>
'
    'SERVER_SOFTWARE' => 'Apache/2.4.23 (Win64) PHP/5.6.25'
    'SERVER_NAME' => 'localhost'
    'SERVER_ADDR' => '::1'
    'SERVER_PORT' => '80'
    'REMOTE_ADDR' => '::1'
    'DOCUMENT_ROOT' => 'C:/wamp64/www'
    'REQUEST_SCHEME' => 'http'
    'CONTEXT_PREFIX' => ''
    'CONTEXT_DOCUMENT_ROOT' => 'C:/wamp64/www'
    'SERVER_ADMIN' => 'wampserver@wampserver.invalid'
    'SCRIPT_FILENAME' => 'C:/wamp64/www/advanced/api/web/index.php'
    'REMOTE_PORT' => '61320'
    'REDIRECT_URL' => '/advanced/api/web/driver/drivers'
    'GATEWAY_INTERFACE' => 'CGI/1.1'
    'SERVER_PROTOCOL' => 'HTTP/1.1'
    'REQUEST_METHOD' => 'POST'
    'QUERY_STRING' => ''
    'REQUEST_URI' => '/advanced/api/web/driver/drivers'
    'SCRIPT_NAME' => '/advanced/api/web/index.php'
    'PHP_SELF' => '/advanced/api/web/index.php'
    'REQUEST_TIME_FLOAT' => 1479460984.905
    'REQUEST_TIME' => 1479460984
]
2016-11-18 14:55:41 [::1][-][-][error][yii\db\IntegrityException] exception 'PDOException' with message 'SQLSTATE[23000]: Integrity constraint violation: 1048 Column 'lname' cannot be null' in C:\wamp64\www\advanced\vendor\yiisoft\yii2\db\Command.php:844
Stack trace:
#0 C:\wamp64\www\advanced\vendor\yiisoft\yii2\db\Command.php(844): PDOStatement->execute()
#1 C:\wamp64\www\advanced\vendor\yiisoft\yii2\db\Schema.php(449): yii\db\Command->execute()
#2 C:\wamp64\www\advanced\vendor\yiisoft\yii2\db\ActiveRecord.php(457): yii\db\Schema->insert('{{%driver}}', Array)
#3 C:\wamp64\www\advanced\vendor\yiisoft\yii2\db\ActiveRecord.php(427): yii\db\ActiveRecord->insertInternal(NULL)
#4 C:\wamp64\www\advanced\vendor\yiisoft\yii2\db\BaseActiveRecord.php(632): yii\db\ActiveRecord->insert(true, NULL)
#5 C:\wamp64\www\advanced\api\modules\driver\models\SignupForm.php(67): yii\db\BaseActiveRecord->save()
#6 C:\wamp64\www\advanced\api\modules\driver\controllers\DriverController.php(56): api\modules\driver\models\SignupForm->signup()
#7 [internal function]: api\modules\driver\controllers\DriverController->actionCreate()
#8 C:\wamp64\www\advanced\vendor\yiisoft\yii2\base\InlineAction.php(55): call_user_func_array(Array, Array)
#9 C:\wamp64\www\advanced\vendor\yiisoft\yii2\base\Controller.php(154): yii\base\InlineAction->runWithParams(Array)
#10 C:\wamp64\www\advanced\vendor\yiisoft\yii2\base\Module.php(454): yii\base\Controller->runAction('create', Array)
#11 C:\wamp64\www\advanced\vendor\yiisoft\yii2\web\Application.php(100): yii\base\Module->runAction('driver/driver/c...', Array)
#12 C:\wamp64\www\advanced\vendor\yiisoft\yii2\base\Application.php(375): yii\web\Application->handleRequest(Object(yii\web\Request))
#13 C:\wamp64\www\advanced\api\web\index.php(19): yii\base\Application->run()
#14 {main}

Next exception 'yii\db\IntegrityException' with message 'SQLSTATE[23000]: Integrity constraint violation: 1048 Column 'lname' cannot be null
The SQL being executed was: INSERT INTO `driver` (`fname`, `lname`, `phone_number`, `zipcode`, `email`, `password_hash`, `otp`, `auth_key`, `registration_datetime`, `created_at`, `updated_at`) VALUES ('ashish', NULL, '9988776655', '91', 'ashish@gmail.com', '$2y$13$Z0SHCLAnK7qn55VgniqUFudQU5NG0wcs3EhtJrcIQmBYKJ/gppejS', 'd41d8cd98f00b204e9800998ecf8427e', 'U5AY5m-X7wLpLn_yFDeYwKOqpspCqLPq', '2016-11-18 14:55:41', 1479461141, 1479461141)' in C:\wamp64\www\advanced\vendor\yiisoft\yii2\db\Schema.php:631
Stack trace:
#0 C:\wamp64\www\advanced\vendor\yiisoft\yii2\db\Command.php(854): yii\db\Schema->convertException(Object(PDOException), 'INSERT INTO `dr...')
#1 C:\wamp64\www\advanced\vendor\yiisoft\yii2\db\Schema.php(449): yii\db\Command->execute()
#2 C:\wamp64\www\advanced\vendor\yiisoft\yii2\db\ActiveRecord.php(457): yii\db\Schema->insert('{{%driver}}', Array)
#3 C:\wamp64\www\advanced\vendor\yiisoft\yii2\db\ActiveRecord.php(427): yii\db\ActiveRecord->insertInternal(NULL)
#4 C:\wamp64\www\advanced\vendor\yiisoft\yii2\db\BaseActiveRecord.php(632): yii\db\ActiveRecord->insert(true, NULL)
#5 C:\wamp64\www\advanced\api\modules\driver\models\SignupForm.php(67): yii\db\BaseActiveRecord->save()
#6 C:\wamp64\www\advanced\api\modules\driver\controllers\DriverController.php(56): api\modules\driver\models\SignupForm->signup()
#7 [internal function]: api\modules\driver\controllers\DriverController->actionCreate()
#8 C:\wamp64\www\advanced\vendor\yiisoft\yii2\base\InlineAction.php(55): call_user_func_array(Array, Array)
#9 C:\wamp64\www\advanced\vendor\yiisoft\yii2\base\Controller.php(154): yii\base\InlineAction->runWithParams(Array)
#10 C:\wamp64\www\advanced\vendor\yiisoft\yii2\base\Module.php(454): yii\base\Controller->runAction('create', Array)
#11 C:\wamp64\www\advanced\vendor\yiisoft\yii2\web\Application.php(100): yii\base\Module->runAction('driver/driver/c...', Array)
#12 C:\wamp64\www\advanced\vendor\yiisoft\yii2\base\Application.php(375): yii\web\Application->handleRequest(Object(yii\web\Request))
#13 C:\wamp64\www\advanced\api\web\index.php(19): yii\base\Application->run()
#14 {main}
Additional Information:
Array
(
    [0] => 23000
    [1] => 1048
    [2] => Column 'lname' cannot be null
)

2016-11-18 14:55:40 [::1][-][-][info][application] $_POST = [
    'email' => 'ashish@gmail.com'
    'password' => '123456'
    'phone_number' => '9988776655'
    'fname' => 'ashish'
    'lname' => 'rawat'
    'zipcode' => '91'
]

$_SERVER = [
    'REDIRECT_STATUS' => '200'
    'HTTP_HOST' => 'localhost'
    'CONTENT_TYPE' => 'application/x-www-form-urlencoded'
    'CONTENT_LENGTH' => '98'
    'PATH' => 'C:\\Program Files\\Broadcom\\Broadcom 802.11;C:\\Windows\\system32;C:\\Windows;C:\\Windows\\System32\\Wbem;C:\\Windows\\System32\\WindowsPowerShell\\v1.0\\;C:\\Program Files (x86)\\Brackets\\command;C:\\Program Files\\nodejs\\;C:\\wamp\\bin\\php\\php5.5.12;C:\\Program Files (x86)\\Skype\\Phone\\;C:\\ProgramData\\ComposerSetup\\bin;'
    'SystemRoot' => 'C:\\Windows'
    'COMSPEC' => 'C:\\Windows\\system32\\cmd.exe'
    'PATHEXT' => '.COM;.EXE;.BAT;.CMD;.VBS;.VBE;.JS;.JSE;.WSF;.WSH;.MSC'
    'WINDIR' => 'C:\\Windows'
    'SERVER_SIGNATURE' => '<address>Apache/2.4.23 (Win64) PHP/5.6.25 Server at localhost Port 80</address>
'
    'SERVER_SOFTWARE' => 'Apache/2.4.23 (Win64) PHP/5.6.25'
    'SERVER_NAME' => 'localhost'
    'SERVER_ADDR' => '::1'
    'SERVER_PORT' => '80'
    'REMOTE_ADDR' => '::1'
    'DOCUMENT_ROOT' => 'C:/wamp64/www'
    'REQUEST_SCHEME' => 'http'
    'CONTEXT_PREFIX' => ''
    'CONTEXT_DOCUMENT_ROOT' => 'C:/wamp64/www'
    'SERVER_ADMIN' => 'wampserver@wampserver.invalid'
    'SCRIPT_FILENAME' => 'C:/wamp64/www/advanced/api/web/index.php'
    'REMOTE_PORT' => '61340'
    'REDIRECT_URL' => '/advanced/api/web/driver/drivers'
    'GATEWAY_INTERFACE' => 'CGI/1.1'
    'SERVER_PROTOCOL' => 'HTTP/1.1'
    'REQUEST_METHOD' => 'POST'
    'QUERY_STRING' => ''
    'REQUEST_URI' => '/advanced/api/web/driver/drivers'
    'SCRIPT_NAME' => '/advanced/api/web/index.php'
    'PHP_SELF' => '/advanced/api/web/index.php'
    'REQUEST_TIME_FLOAT' => 1479461140.124
    'REQUEST_TIME' => 1479461140
]
2016-11-18 15:04:10 [::1][-][-][error][yii\web\HttpException:404] exception 'yii\web\NotFoundHttpException' with message 'Page not found.' in C:\wamp64\www\advanced\vendor\yiisoft\yii2\web\Request.php:191
Stack trace:
#0 C:\wamp64\www\advanced\vendor\yiisoft\yii2\web\Application.php(80): yii\web\Request->resolve()
#1 C:\wamp64\www\advanced\vendor\yiisoft\yii2\base\Application.php(375): yii\web\Application->handleRequest(Object(yii\web\Request))
#2 C:\wamp64\www\advanced\api\web\index.php(19): yii\base\Application->run()
#3 {main}
2016-11-18 15:04:10 [::1][-][-][info][application] $_POST = [
    'email' => 'ashish@gmail.com'
    'password' => '123456'
    'phone_number' => '9988776655'
    'fname' => 'ashish'
    'lname' => 'rawat'
    'zipcode' => '91'
]

$_SERVER = [
    'REDIRECT_STATUS' => '200'
    'HTTP_HOST' => 'localhost'
    'CONTENT_TYPE' => 'application/x-www-form-urlencoded'
    'CONTENT_LENGTH' => '98'
    'PATH' => 'C:\\Program Files\\Broadcom\\Broadcom 802.11;C:\\Windows\\system32;C:\\Windows;C:\\Windows\\System32\\Wbem;C:\\Windows\\System32\\WindowsPowerShell\\v1.0\\;C:\\Program Files (x86)\\Brackets\\command;C:\\Program Files\\nodejs\\;C:\\wamp\\bin\\php\\php5.5.12;C:\\Program Files (x86)\\Skype\\Phone\\;C:\\ProgramData\\ComposerSetup\\bin;'
    'SystemRoot' => 'C:\\Windows'
    'COMSPEC' => 'C:\\Windows\\system32\\cmd.exe'
    'PATHEXT' => '.COM;.EXE;.BAT;.CMD;.VBS;.VBE;.JS;.JSE;.WSF;.WSH;.MSC'
    'WINDIR' => 'C:\\Windows'
    'SERVER_SIGNATURE' => '<address>Apache/2.4.23 (Win64) PHP/5.6.25 Server at localhost Port 80</address>
'
    'SERVER_SOFTWARE' => 'Apache/2.4.23 (Win64) PHP/5.6.25'
    'SERVER_NAME' => 'localhost'
    'SERVER_ADDR' => '::1'
    'SERVER_PORT' => '80'
    'REMOTE_ADDR' => '::1'
    'DOCUMENT_ROOT' => 'C:/wamp64/www'
    'REQUEST_SCHEME' => 'http'
    'CONTEXT_PREFIX' => ''
    'CONTEXT_DOCUMENT_ROOT' => 'C:/wamp64/www'
    'SERVER_ADMIN' => 'wampserver@wampserver.invalid'
    'SCRIPT_FILENAME' => 'C:/wamp64/www/advanced/api/web/index.php'
    'REMOTE_PORT' => '61456'
    'REDIRECT_URL' => '/advanced/api/web/driver/driver'
    'GATEWAY_INTERFACE' => 'CGI/1.1'
    'SERVER_PROTOCOL' => 'HTTP/1.1'
    'REQUEST_METHOD' => 'POST'
    'QUERY_STRING' => ''
    'REQUEST_URI' => '/advanced/api/web/driver/driver'
    'SCRIPT_NAME' => '/advanced/api/web/index.php'
    'PHP_SELF' => '/advanced/api/web/index.php'
    'REQUEST_TIME_FLOAT' => 1479461650.023
    'REQUEST_TIME' => 1479461650
]
2016-11-18 16:47:32 [::1][-][-][error][yii\base\ErrorException:1] exception 'yii\base\ErrorException' with message 'Class 'api\modules\driver\models\Yii' not found' in C:\wamp64\www\advanced\api\modules\driver\models\SignupForm.php:70
Stack trace:
#0 C:\wamp64\www\advanced\vendor\yiisoft\yii2\base\InlineAction.php(55): api\modules\driver\controllers\DriverController->actionCreate()
#1 C:\wamp64\www\advanced\vendor\yiisoft\yii2\base\InlineAction.php(55): ::call_user_func_array:{C:\wamp64\www\advanced\vendor\yiisoft\yii2\base\InlineAction.php:55}()
#2 C:\wamp64\www\advanced\vendor\yiisoft\yii2\base\Controller.php(154): yii\base\InlineAction->runWithParams()
#3 C:\wamp64\www\advanced\vendor\yiisoft\yii2\base\Module.php(454): yii\base\Controller->runAction()
#4 C:\wamp64\www\advanced\vendor\yiisoft\yii2\web\Application.php(100): yii\base\Module->runAction()
#5 C:\wamp64\www\advanced\vendor\yiisoft\yii2\base\Application.php(375): yii\web\Application->handleRequest()
#6 C:\wamp64\www\advanced\api\web\index.php(19): yii\base\Application->run()
#7 {main}
2016-11-18 16:47:30 [::1][-][-][info][application] $_POST = [
    'email' => 'ashish@techugo.com'
    'password' => '123456'
    'phone_number' => '9988776655'
    'fname' => 'ashish'
    'lname' => 'rawat'
    'zipcode' => '91'
]

$_SERVER = [
    'REDIRECT_STATUS' => '200'
    'HTTP_HOST' => 'localhost'
    'CONTENT_TYPE' => 'application/x-www-form-urlencoded'
    'CONTENT_LENGTH' => '100'
    'PATH' => 'C:\\Program Files\\Broadcom\\Broadcom 802.11;C:\\Windows\\system32;C:\\Windows;C:\\Windows\\System32\\Wbem;C:\\Windows\\System32\\WindowsPowerShell\\v1.0\\;C:\\Program Files (x86)\\Brackets\\command;C:\\Program Files\\nodejs\\;C:\\wamp\\bin\\php\\php5.5.12;C:\\Program Files (x86)\\Skype\\Phone\\;C:\\ProgramData\\ComposerSetup\\bin;'
    'SystemRoot' => 'C:\\Windows'
    'COMSPEC' => 'C:\\Windows\\system32\\cmd.exe'
    'PATHEXT' => '.COM;.EXE;.BAT;.CMD;.VBS;.VBE;.JS;.JSE;.WSF;.WSH;.MSC'
    'WINDIR' => 'C:\\Windows'
    'SERVER_SIGNATURE' => '<address>Apache/2.4.23 (Win64) PHP/5.6.25 Server at localhost Port 80</address>
'
    'SERVER_SOFTWARE' => 'Apache/2.4.23 (Win64) PHP/5.6.25'
    'SERVER_NAME' => 'localhost'
    'SERVER_ADDR' => '::1'
    'SERVER_PORT' => '80'
    'REMOTE_ADDR' => '::1'
    'DOCUMENT_ROOT' => 'C:/wamp64/www'
    'REQUEST_SCHEME' => 'http'
    'CONTEXT_PREFIX' => ''
    'CONTEXT_DOCUMENT_ROOT' => 'C:/wamp64/www'
    'SERVER_ADMIN' => 'wampserver@wampserver.invalid'
    'SCRIPT_FILENAME' => 'C:/wamp64/www/advanced/api/web/index.php'
    'REMOTE_PORT' => '62517'
    'REDIRECT_URL' => '/advanced/api/web/driver/drivers'
    'GATEWAY_INTERFACE' => 'CGI/1.1'
    'SERVER_PROTOCOL' => 'HTTP/1.1'
    'REQUEST_METHOD' => 'POST'
    'QUERY_STRING' => ''
    'REQUEST_URI' => '/advanced/api/web/driver/drivers'
    'SCRIPT_NAME' => '/advanced/api/web/index.php'
    'PHP_SELF' => '/advanced/api/web/index.php'
    'REQUEST_TIME_FLOAT' => 1479467850.956
    'REQUEST_TIME' => 1479467850
]
2016-11-18 16:52:09 [::1][-][-][error][yii\base\ErrorException:1] exception 'yii\base\ErrorException' with message 'Class 'api\modules\driver\models\Yii' not found' in C:\wamp64\www\advanced\api\modules\driver\models\SignupForm.php:70
Stack trace:
#0 C:\wamp64\www\advanced\vendor\yiisoft\yii2\base\InlineAction.php(55): api\modules\driver\controllers\DriverController->actionCreate()
#1 C:\wamp64\www\advanced\vendor\yiisoft\yii2\base\InlineAction.php(55): ::call_user_func_array:{C:\wamp64\www\advanced\vendor\yiisoft\yii2\base\InlineAction.php:55}()
#2 C:\wamp64\www\advanced\vendor\yiisoft\yii2\base\Controller.php(154): yii\base\InlineAction->runWithParams()
#3 C:\wamp64\www\advanced\vendor\yiisoft\yii2\base\Module.php(454): yii\base\Controller->runAction()
#4 C:\wamp64\www\advanced\vendor\yiisoft\yii2\web\Application.php(100): yii\base\Module->runAction()
#5 C:\wamp64\www\advanced\vendor\yiisoft\yii2\base\Application.php(375): yii\web\Application->handleRequest()
#6 C:\wamp64\www\advanced\api\web\index.php(19): yii\base\Application->run()
#7 {main}
2016-11-18 16:52:07 [::1][-][-][info][application] $_POST = [
    'email' => 'ashish@techugo.com'
    'password' => '123456'
    'phone_number' => '9988776655'
    'fname' => 'ashish'
    'lname' => 'rawat'
    'zipcode' => '91'
]

$_SERVER = [
    'REDIRECT_STATUS' => '200'
    'HTTP_HOST' => 'localhost'
    'CONTENT_TYPE' => 'application/x-www-form-urlencoded'
    'CONTENT_LENGTH' => '100'
    'PATH' => 'C:\\Program Files\\Broadcom\\Broadcom 802.11;C:\\Windows\\system32;C:\\Windows;C:\\Windows\\System32\\Wbem;C:\\Windows\\System32\\WindowsPowerShell\\v1.0\\;C:\\Program Files (x86)\\Brackets\\command;C:\\Program Files\\nodejs\\;C:\\wamp\\bin\\php\\php5.5.12;C:\\Program Files (x86)\\Skype\\Phone\\;C:\\ProgramData\\ComposerSetup\\bin;'
    'SystemRoot' => 'C:\\Windows'
    'COMSPEC' => 'C:\\Windows\\system32\\cmd.exe'
    'PATHEXT' => '.COM;.EXE;.BAT;.CMD;.VBS;.VBE;.JS;.JSE;.WSF;.WSH;.MSC'
    'WINDIR' => 'C:\\Windows'
    'SERVER_SIGNATURE' => '<address>Apache/2.4.23 (Win64) PHP/5.6.25 Server at localhost Port 80</address>
'
    'SERVER_SOFTWARE' => 'Apache/2.4.23 (Win64) PHP/5.6.25'
    'SERVER_NAME' => 'localhost'
    'SERVER_ADDR' => '::1'
    'SERVER_PORT' => '80'
    'REMOTE_ADDR' => '::1'
    'DOCUMENT_ROOT' => 'C:/wamp64/www'
    'REQUEST_SCHEME' => 'http'
    'CONTEXT_PREFIX' => ''
    'CONTEXT_DOCUMENT_ROOT' => 'C:/wamp64/www'
    'SERVER_ADMIN' => 'wampserver@wampserver.invalid'
    'SCRIPT_FILENAME' => 'C:/wamp64/www/advanced/api/web/index.php'
    'REMOTE_PORT' => '62655'
    'REDIRECT_URL' => '/advanced/api/web/driver/drivers'
    'GATEWAY_INTERFACE' => 'CGI/1.1'
    'SERVER_PROTOCOL' => 'HTTP/1.1'
    'REQUEST_METHOD' => 'POST'
    'QUERY_STRING' => ''
    'REQUEST_URI' => '/advanced/api/web/driver/drivers'
    'SCRIPT_NAME' => '/advanced/api/web/index.php'
    'PHP_SELF' => '/advanced/api/web/index.php'
    'REQUEST_TIME_FLOAT' => 1479468127.914
    'REQUEST_TIME' => 1479468127
]
2016-11-18 17:26:57 [::1][-][-][error][yii\base\ErrorException:1] exception 'yii\base\ErrorException' with message 'Class 'api\modules\driver\models\Yii' not found' in C:\wamp64\www\advanced\api\modules\driver\models\SignupForm.php:66
Stack trace:
#0 C:\wamp64\www\advanced\vendor\yiisoft\yii2\base\InlineAction.php(55): api\modules\driver\controllers\DriverController->actionCreate()
#1 C:\wamp64\www\advanced\vendor\yiisoft\yii2\base\InlineAction.php(55): ::call_user_func_array:{C:\wamp64\www\advanced\vendor\yiisoft\yii2\base\InlineAction.php:55}()
#2 C:\wamp64\www\advanced\vendor\yiisoft\yii2\base\Controller.php(154): yii\base\InlineAction->runWithParams()
#3 C:\wamp64\www\advanced\vendor\yiisoft\yii2\base\Module.php(454): yii\base\Controller->runAction()
#4 C:\wamp64\www\advanced\vendor\yiisoft\yii2\web\Application.php(100): yii\base\Module->runAction()
#5 C:\wamp64\www\advanced\vendor\yiisoft\yii2\base\Application.php(375): yii\web\Application->handleRequest()
#6 C:\wamp64\www\advanced\api\web\index.php(19): yii\base\Application->run()
#7 {main}
2016-11-18 17:26:56 [::1][-][-][info][application] $_POST = [
    'email' => 'ashish@techugo.com'
    'password' => '123456'
    'phone_number' => '9988776655'
    'fname' => 'ashish'
    'lname' => 'rawat'
    'zipcode' => '91'
]

$_SERVER = [
    'REDIRECT_STATUS' => '200'
    'HTTP_HOST' => 'localhost'
    'CONTENT_TYPE' => 'application/x-www-form-urlencoded'
    'CONTENT_LENGTH' => '100'
    'PATH' => 'C:\\Program Files\\Broadcom\\Broadcom 802.11;C:\\Windows\\system32;C:\\Windows;C:\\Windows\\System32\\Wbem;C:\\Windows\\System32\\WindowsPowerShell\\v1.0\\;C:\\Program Files (x86)\\Brackets\\command;C:\\Program Files\\nodejs\\;C:\\wamp\\bin\\php\\php5.5.12;C:\\Program Files (x86)\\Skype\\Phone\\;C:\\ProgramData\\ComposerSetup\\bin;'
    'SystemRoot' => 'C:\\Windows'
    'COMSPEC' => 'C:\\Windows\\system32\\cmd.exe'
    'PATHEXT' => '.COM;.EXE;.BAT;.CMD;.VBS;.VBE;.JS;.JSE;.WSF;.WSH;.MSC'
    'WINDIR' => 'C:\\Windows'
    'SERVER_SIGNATURE' => '<address>Apache/2.4.23 (Win64) PHP/5.6.25 Server at localhost Port 80</address>
'
    'SERVER_SOFTWARE' => 'Apache/2.4.23 (Win64) PHP/5.6.25'
    'SERVER_NAME' => 'localhost'
    'SERVER_ADDR' => '::1'
    'SERVER_PORT' => '80'
    'REMOTE_ADDR' => '::1'
    'DOCUMENT_ROOT' => 'C:/wamp64/www'
    'REQUEST_SCHEME' => 'http'
    'CONTEXT_PREFIX' => ''
    'CONTEXT_DOCUMENT_ROOT' => 'C:/wamp64/www'
    'SERVER_ADMIN' => 'wampserver@wampserver.invalid'
    'SCRIPT_FILENAME' => 'C:/wamp64/www/advanced/api/web/index.php'
    'REMOTE_PORT' => '62858'
    'REDIRECT_URL' => '/advanced/api/web/driver/drivers'
    'GATEWAY_INTERFACE' => 'CGI/1.1'
    'SERVER_PROTOCOL' => 'HTTP/1.1'
    'REQUEST_METHOD' => 'POST'
    'QUERY_STRING' => ''
    'REQUEST_URI' => '/advanced/api/web/driver/drivers'
    'SCRIPT_NAME' => '/advanced/api/web/index.php'
    'PHP_SELF' => '/advanced/api/web/index.php'
    'REQUEST_TIME_FLOAT' => 1479470216.83
    'REQUEST_TIME' => 1479470216
]
2016-11-18 17:28:50 [::1][-][-][error][yii\base\ErrorException:1] exception 'yii\base\ErrorException' with message 'Class 'api\modules\driver\models\Yii' not found' in C:\wamp64\www\advanced\api\modules\driver\models\SignupForm.php:66
Stack trace:
#0 C:\wamp64\www\advanced\vendor\yiisoft\yii2\base\InlineAction.php(55): api\modules\driver\controllers\DriverController->actionCreate()
#1 C:\wamp64\www\advanced\vendor\yiisoft\yii2\base\InlineAction.php(55): ::call_user_func_array:{C:\wamp64\www\advanced\vendor\yiisoft\yii2\base\InlineAction.php:55}()
#2 C:\wamp64\www\advanced\vendor\yiisoft\yii2\base\Controller.php(154): yii\base\InlineAction->runWithParams()
#3 C:\wamp64\www\advanced\vendor\yiisoft\yii2\base\Module.php(454): yii\base\Controller->runAction()
#4 C:\wamp64\www\advanced\vendor\yiisoft\yii2\web\Application.php(100): yii\base\Module->runAction()
#5 C:\wamp64\www\advanced\vendor\yiisoft\yii2\base\Application.php(375): yii\web\Application->handleRequest()
#6 C:\wamp64\www\advanced\api\web\index.php(19): yii\base\Application->run()
#7 {main}
2016-11-18 17:28:49 [::1][-][-][info][application] $_POST = [
    'email' => 'ashish@techugo.com'
    'password' => '123456'
    'phone_number' => '9988776655'
    'fname' => 'ashish'
    'lname' => 'rawat'
    'zipcode' => '91'
]

$_SERVER = [
    'REDIRECT_STATUS' => '200'
    'HTTP_HOST' => 'localhost'
    'CONTENT_TYPE' => 'application/x-www-form-urlencoded'
    'CONTENT_LENGTH' => '100'
    'PATH' => 'C:\\Program Files\\Broadcom\\Broadcom 802.11;C:\\Windows\\system32;C:\\Windows;C:\\Windows\\System32\\Wbem;C:\\Windows\\System32\\WindowsPowerShell\\v1.0\\;C:\\Program Files (x86)\\Brackets\\command;C:\\Program Files\\nodejs\\;C:\\wamp\\bin\\php\\php5.5.12;C:\\Program Files (x86)\\Skype\\Phone\\;C:\\ProgramData\\ComposerSetup\\bin;'
    'SystemRoot' => 'C:\\Windows'
    'COMSPEC' => 'C:\\Windows\\system32\\cmd.exe'
    'PATHEXT' => '.COM;.EXE;.BAT;.CMD;.VBS;.VBE;.JS;.JSE;.WSF;.WSH;.MSC'
    'WINDIR' => 'C:\\Windows'
    'SERVER_SIGNATURE' => '<address>Apache/2.4.23 (Win64) PHP/5.6.25 Server at localhost Port 80</address>
'
    'SERVER_SOFTWARE' => 'Apache/2.4.23 (Win64) PHP/5.6.25'
    'SERVER_NAME' => 'localhost'
    'SERVER_ADDR' => '::1'
    'SERVER_PORT' => '80'
    'REMOTE_ADDR' => '::1'
    'DOCUMENT_ROOT' => 'C:/wamp64/www'
    'REQUEST_SCHEME' => 'http'
    'CONTEXT_PREFIX' => ''
    'CONTEXT_DOCUMENT_ROOT' => 'C:/wamp64/www'
    'SERVER_ADMIN' => 'wampserver@wampserver.invalid'
    'SCRIPT_FILENAME' => 'C:/wamp64/www/advanced/api/web/index.php'
    'REMOTE_PORT' => '62885'
    'REDIRECT_URL' => '/advanced/api/web/driver/drivers'
    'GATEWAY_INTERFACE' => 'CGI/1.1'
    'SERVER_PROTOCOL' => 'HTTP/1.1'
    'REQUEST_METHOD' => 'POST'
    'QUERY_STRING' => ''
    'REQUEST_URI' => '/advanced/api/web/driver/drivers'
    'SCRIPT_NAME' => '/advanced/api/web/index.php'
    'PHP_SELF' => '/advanced/api/web/index.php'
    'REQUEST_TIME_FLOAT' => 1479470329.517
    'REQUEST_TIME' => 1479470329
]
2016-11-21 16:40:49 [::1][-][-][error][yii\web\HttpException:404] exception 'yii\base\InvalidRouteException' with message 'Unable to resolve the request: driver/driver/validateemail' in C:\wamp64\www\advanced\vendor\yiisoft\yii2\base\Controller.php:125
Stack trace:
#0 C:\wamp64\www\advanced\vendor\yiisoft\yii2\base\Module.php(454): yii\base\Controller->runAction('validateemail', Array)
#1 C:\wamp64\www\advanced\vendor\yiisoft\yii2\web\Application.php(100): yii\base\Module->runAction('driver/driver/v...', Array)
#2 C:\wamp64\www\advanced\vendor\yiisoft\yii2\base\Application.php(375): yii\web\Application->handleRequest(Object(yii\web\Request))
#3 C:\wamp64\www\advanced\api\web\index.php(19): yii\base\Application->run()
#4 {main}

Next exception 'yii\web\NotFoundHttpException' with message 'Page not found.' in C:\wamp64\www\advanced\vendor\yiisoft\yii2\web\Application.php:112
Stack trace:
#0 C:\wamp64\www\advanced\vendor\yiisoft\yii2\base\Application.php(375): yii\web\Application->handleRequest(Object(yii\web\Request))
#1 C:\wamp64\www\advanced\api\web\index.php(19): yii\base\Application->run()
#2 {main}
2016-11-21 16:40:48 [::1][-][-][info][application] $_COOKIE = [
    '__tawkuuid' => 'e::localhost::Ixzg54D1FnvqONvPb ZhBe3axKxNhTM43oNvt9ZXT2mw5cMQktkEcCViLFPjYur/::2'
    'Tawk_55ff89d9f39a668f7c6e11d4' => 'vs6.tawk.to:443::0'
    'PHPSESSID' => '4pjr2i8m79kvtr77d7jb3cfhi5'
    '__atssc' => 'twitter;1'
    '_atshc' => '{}'
    '_csrf-backend' => 'da25f7b0380d358c6c3c1a15c548a714ca85baf46c84ca24a18f848e8ea00885a:2:{i:0;s:13:\"_csrf-backend\";i:1;s:32:\"oBEMlAGqHqnSQs638GtwhKiqB2o69JMz\";}'
    '_csrf-frontend' => 'e6e298699f67ec4e4b97b923d8b6bb401e5221344e94e2d5809e8ea11e3f8b4fa:2:{i:0;s:14:\"_csrf-frontend\";i:1;s:32:\"H32cGGKvaF-5E5c7TlYbKv3sVFOT3kuJ\";}'
    '__atuvc' => '33|46,10|47'
    'advanced-frontend' => 'qdruofq56j7rem6ptrtn2bl3m0'
    'advanced-backend' => 'mvjfnrtdqbj96ticqt7v3084l7'
    '_identity-backend' => '70d30fea1c106d20df5ade93927072c6f9e93ea0ea73fc275131161529047781a:2:{i:0;s:17:\"_identity-backend\";i:1;s:46:\"[1,\"DE3sy_WUow5pppmo0qQEUiMUw1NZk7Kc\",2592000]\";}'
]

$_SERVER = [
    'REDIRECT_STATUS' => '200'
    'HTTP_HOST' => 'localhost'
    'HTTP_CONNECTION' => 'keep-alive'
    'HTTP_UPGRADE_INSECURE_REQUESTS' => '1'
    'HTTP_USER_AGENT' => 'Mozilla/5.0 (Windows NT 6.1; WOW64) AppleWebKit/537.36 (KHTML, like Gecko) Chrome/54.0.2840.87 Safari/537.36'
    'HTTP_ACCEPT' => 'text/html,application/xhtml+xml,application/xml;q=0.9,image/webp,*/*;q=0.8'
    'HTTP_ACCEPT_ENCODING' => 'gzip, deflate, sdch, br'
    'HTTP_ACCEPT_LANGUAGE' => 'en-GB,en-US;q=0.8,en;q=0.6'
    'HTTP_COOKIE' => '__tawkuuid=e::localhost::Ixzg54D1FnvqONvPb+ZhBe3axKxNhTM43oNvt9ZXT2mw5cMQktkEcCViLFPjYur/::2; Tawk_55ff89d9f39a668f7c6e11d4=vs6.tawk.to:443::0; PHPSESSID=4pjr2i8m79kvtr77d7jb3cfhi5; __atssc=twitter%3B1; _atshc={}; _csrf-backend=da25f7b0380d358c6c3c1a15c548a714ca85baf46c84ca24a18f848e8ea00885a%3A2%3A%7Bi%3A0%3Bs%3A13%3A%22_csrf-backend%22%3Bi%3A1%3Bs%3A32%3A%22oBEMlAGqHqnSQs638GtwhKiqB2o69JMz%22%3B%7D; _csrf-frontend=e6e298699f67ec4e4b97b923d8b6bb401e5221344e94e2d5809e8ea11e3f8b4fa%3A2%3A%7Bi%3A0%3Bs%3A14%3A%22_csrf-frontend%22%3Bi%3A1%3Bs%3A32%3A%22H32cGGKvaF-5E5c7TlYbKv3sVFOT3kuJ%22%3B%7D; __atuvc=33%7C46%2C10%7C47; advanced-frontend=qdruofq56j7rem6ptrtn2bl3m0; advanced-backend=mvjfnrtdqbj96ticqt7v3084l7; _identity-backend=70d30fea1c106d20df5ade93927072c6f9e93ea0ea73fc275131161529047781a%3A2%3A%7Bi%3A0%3Bs%3A17%3A%22_identity-backend%22%3Bi%3A1%3Bs%3A46%3A%22%5B1%2C%22DE3sy_WUow5pppmo0qQEUiMUw1NZk7Kc%22%2C2592000%5D%22%3B%7D'
    'PATH' => 'C:\\Program Files\\Broadcom\\Broadcom 802.11;C:\\Windows\\system32;C:\\Windows;C:\\Windows\\System32\\Wbem;C:\\Windows\\System32\\WindowsPowerShell\\v1.0\\;C:\\Program Files (x86)\\Brackets\\command;C:\\Program Files\\nodejs\\;C:\\wamp\\bin\\php\\php5.5.12;C:\\Program Files (x86)\\Skype\\Phone\\;C:\\ProgramData\\ComposerSetup\\bin;'
    'SystemRoot' => 'C:\\Windows'
    'COMSPEC' => 'C:\\Windows\\system32\\cmd.exe'
    'PATHEXT' => '.COM;.EXE;.BAT;.CMD;.VBS;.VBE;.JS;.JSE;.WSF;.WSH;.MSC'
    'WINDIR' => 'C:\\Windows'
    'SERVER_SIGNATURE' => '<address>Apache/2.4.23 (Win64) PHP/5.6.25 Server at localhost Port 80</address>
'
    'SERVER_SOFTWARE' => 'Apache/2.4.23 (Win64) PHP/5.6.25'
    'SERVER_NAME' => 'localhost'
    'SERVER_ADDR' => '::1'
    'SERVER_PORT' => '80'
    'REMOTE_ADDR' => '::1'
    'DOCUMENT_ROOT' => 'C:/wamp64/www'
    'REQUEST_SCHEME' => 'http'
    'CONTEXT_PREFIX' => ''
    'CONTEXT_DOCUMENT_ROOT' => 'C:/wamp64/www'
    'SERVER_ADMIN' => 'wampserver@wampserver.invalid'
    'SCRIPT_FILENAME' => 'C:/wamp64/www/advanced/api/web/index.php'
    'REMOTE_PORT' => '63785'
    'REDIRECT_URL' => '/advanced/api/web/driver/drivers/validateemail'
    'GATEWAY_INTERFACE' => 'CGI/1.1'
    'SERVER_PROTOCOL' => 'HTTP/1.1'
    'REQUEST_METHOD' => 'GET'
    'QUERY_STRING' => ''
    'REQUEST_URI' => '/advanced/api/web/driver/drivers/validateemail'
    'SCRIPT_NAME' => '/advanced/api/web/index.php'
    'PHP_SELF' => '/advanced/api/web/index.php'
    'REQUEST_TIME_FLOAT' => 1479726648.989
    'REQUEST_TIME' => 1479726648
]
2016-11-21 16:41:05 [::1][-][-][error][yii\web\HttpException:404] exception 'yii\web\NotFoundHttpException' with message 'Page not found.' in C:\wamp64\www\advanced\vendor\yiisoft\yii2\web\Request.php:191
Stack trace:
#0 C:\wamp64\www\advanced\vendor\yiisoft\yii2\web\Application.php(80): yii\web\Request->resolve()
#1 C:\wamp64\www\advanced\vendor\yiisoft\yii2\base\Application.php(375): yii\web\Application->handleRequest(Object(yii\web\Request))
#2 C:\wamp64\www\advanced\api\web\index.php(19): yii\base\Application->run()
#3 {main}
2016-11-21 16:41:05 [::1][-][-][info][application] $_COOKIE = [
    '__tawkuuid' => 'e::localhost::Ixzg54D1FnvqONvPb ZhBe3axKxNhTM43oNvt9ZXT2mw5cMQktkEcCViLFPjYur/::2'
    'Tawk_55ff89d9f39a668f7c6e11d4' => 'vs6.tawk.to:443::0'
    'PHPSESSID' => '4pjr2i8m79kvtr77d7jb3cfhi5'
    '__atssc' => 'twitter;1'
    '_atshc' => '{}'
    '_csrf-backend' => 'da25f7b0380d358c6c3c1a15c548a714ca85baf46c84ca24a18f848e8ea00885a:2:{i:0;s:13:\"_csrf-backend\";i:1;s:32:\"oBEMlAGqHqnSQs638GtwhKiqB2o69JMz\";}'
    '_csrf-frontend' => 'e6e298699f67ec4e4b97b923d8b6bb401e5221344e94e2d5809e8ea11e3f8b4fa:2:{i:0;s:14:\"_csrf-frontend\";i:1;s:32:\"H32cGGKvaF-5E5c7TlYbKv3sVFOT3kuJ\";}'
    '__atuvc' => '33|46,10|47'
    'advanced-frontend' => 'qdruofq56j7rem6ptrtn2bl3m0'
    'advanced-backend' => 'mvjfnrtdqbj96ticqt7v3084l7'
    '_identity-backend' => '70d30fea1c106d20df5ade93927072c6f9e93ea0ea73fc275131161529047781a:2:{i:0;s:17:\"_identity-backend\";i:1;s:46:\"[1,\"DE3sy_WUow5pppmo0qQEUiMUw1NZk7Kc\",2592000]\";}'
]

$_SERVER = [
    'REDIRECT_STATUS' => '200'
    'HTTP_HOST' => 'localhost'
    'HTTP_CONNECTION' => 'keep-alive'
    'HTTP_UPGRADE_INSECURE_REQUESTS' => '1'
    'HTTP_USER_AGENT' => 'Mozilla/5.0 (Windows NT 6.1; WOW64) AppleWebKit/537.36 (KHTML, like Gecko) Chrome/54.0.2840.87 Safari/537.36'
    'HTTP_ACCEPT' => 'text/html,application/xhtml+xml,application/xml;q=0.9,image/webp,*/*;q=0.8'
    'HTTP_ACCEPT_ENCODING' => 'gzip, deflate, sdch, br'
    'HTTP_ACCEPT_LANGUAGE' => 'en-GB,en-US;q=0.8,en;q=0.6'
    'HTTP_COOKIE' => '__tawkuuid=e::localhost::Ixzg54D1FnvqONvPb+ZhBe3axKxNhTM43oNvt9ZXT2mw5cMQktkEcCViLFPjYur/::2; Tawk_55ff89d9f39a668f7c6e11d4=vs6.tawk.to:443::0; PHPSESSID=4pjr2i8m79kvtr77d7jb3cfhi5; __atssc=twitter%3B1; _atshc={}; _csrf-backend=da25f7b0380d358c6c3c1a15c548a714ca85baf46c84ca24a18f848e8ea00885a%3A2%3A%7Bi%3A0%3Bs%3A13%3A%22_csrf-backend%22%3Bi%3A1%3Bs%3A32%3A%22oBEMlAGqHqnSQs638GtwhKiqB2o69JMz%22%3B%7D; _csrf-frontend=e6e298699f67ec4e4b97b923d8b6bb401e5221344e94e2d5809e8ea11e3f8b4fa%3A2%3A%7Bi%3A0%3Bs%3A14%3A%22_csrf-frontend%22%3Bi%3A1%3Bs%3A32%3A%22H32cGGKvaF-5E5c7TlYbKv3sVFOT3kuJ%22%3B%7D; __atuvc=33%7C46%2C10%7C47; advanced-frontend=qdruofq56j7rem6ptrtn2bl3m0; advanced-backend=mvjfnrtdqbj96ticqt7v3084l7; _identity-backend=70d30fea1c106d20df5ade93927072c6f9e93ea0ea73fc275131161529047781a%3A2%3A%7Bi%3A0%3Bs%3A17%3A%22_identity-backend%22%3Bi%3A1%3Bs%3A46%3A%22%5B1%2C%22DE3sy_WUow5pppmo0qQEUiMUw1NZk7Kc%22%2C2592000%5D%22%3B%7D'
    'PATH' => 'C:\\Program Files\\Broadcom\\Broadcom 802.11;C:\\Windows\\system32;C:\\Windows;C:\\Windows\\System32\\Wbem;C:\\Windows\\System32\\WindowsPowerShell\\v1.0\\;C:\\Program Files (x86)\\Brackets\\command;C:\\Program Files\\nodejs\\;C:\\wamp\\bin\\php\\php5.5.12;C:\\Program Files (x86)\\Skype\\Phone\\;C:\\ProgramData\\ComposerSetup\\bin;'
    'SystemRoot' => 'C:\\Windows'
    'COMSPEC' => 'C:\\Windows\\system32\\cmd.exe'
    'PATHEXT' => '.COM;.EXE;.BAT;.CMD;.VBS;.VBE;.JS;.JSE;.WSF;.WSH;.MSC'
    'WINDIR' => 'C:\\Windows'
    'SERVER_SIGNATURE' => '<address>Apache/2.4.23 (Win64) PHP/5.6.25 Server at localhost Port 80</address>
'
    'SERVER_SOFTWARE' => 'Apache/2.4.23 (Win64) PHP/5.6.25'
    'SERVER_NAME' => 'localhost'
    'SERVER_ADDR' => '::1'
    'SERVER_PORT' => '80'
    'REMOTE_ADDR' => '::1'
    'DOCUMENT_ROOT' => 'C:/wamp64/www'
    'REQUEST_SCHEME' => 'http'
    'CONTEXT_PREFIX' => ''
    'CONTEXT_DOCUMENT_ROOT' => 'C:/wamp64/www'
    'SERVER_ADMIN' => 'wampserver@wampserver.invalid'
    'SCRIPT_FILENAME' => 'C:/wamp64/www/advanced/api/web/index.php'
    'REMOTE_PORT' => '63790'
    'REDIRECT_URL' => '/advanced/api/web/driver/validateemail'
    'GATEWAY_INTERFACE' => 'CGI/1.1'
    'SERVER_PROTOCOL' => 'HTTP/1.1'
    'REQUEST_METHOD' => 'GET'
    'QUERY_STRING' => ''
    'REQUEST_URI' => '/advanced/api/web/driver/validateemail'
    'SCRIPT_NAME' => '/advanced/api/web/index.php'
    'PHP_SELF' => '/advanced/api/web/index.php'
    'REQUEST_TIME_FLOAT' => 1479726665.451
    'REQUEST_TIME' => 1479726665
]
2016-11-21 16:41:11 [::1][-][-][error][yii\web\HttpException:404] exception 'yii\web\NotFoundHttpException' with message 'Page not found.' in C:\wamp64\www\advanced\vendor\yiisoft\yii2\web\Request.php:191
Stack trace:
#0 C:\wamp64\www\advanced\vendor\yiisoft\yii2\web\Application.php(80): yii\web\Request->resolve()
#1 C:\wamp64\www\advanced\vendor\yiisoft\yii2\base\Application.php(375): yii\web\Application->handleRequest(Object(yii\web\Request))
#2 C:\wamp64\www\advanced\api\web\index.php(19): yii\base\Application->run()
#3 {main}
2016-11-21 16:41:11 [::1][-][-][info][application] $_COOKIE = [
    '__tawkuuid' => 'e::localhost::Ixzg54D1FnvqONvPb ZhBe3axKxNhTM43oNvt9ZXT2mw5cMQktkEcCViLFPjYur/::2'
    'Tawk_55ff89d9f39a668f7c6e11d4' => 'vs6.tawk.to:443::0'
    'PHPSESSID' => '4pjr2i8m79kvtr77d7jb3cfhi5'
    '__atssc' => 'twitter;1'
    '_atshc' => '{}'
    '_csrf-backend' => 'da25f7b0380d358c6c3c1a15c548a714ca85baf46c84ca24a18f848e8ea00885a:2:{i:0;s:13:\"_csrf-backend\";i:1;s:32:\"oBEMlAGqHqnSQs638GtwhKiqB2o69JMz\";}'
    '_csrf-frontend' => 'e6e298699f67ec4e4b97b923d8b6bb401e5221344e94e2d5809e8ea11e3f8b4fa:2:{i:0;s:14:\"_csrf-frontend\";i:1;s:32:\"H32cGGKvaF-5E5c7TlYbKv3sVFOT3kuJ\";}'
    '__atuvc' => '33|46,10|47'
    'advanced-frontend' => 'qdruofq56j7rem6ptrtn2bl3m0'
    'advanced-backend' => 'mvjfnrtdqbj96ticqt7v3084l7'
    '_identity-backend' => '70d30fea1c106d20df5ade93927072c6f9e93ea0ea73fc275131161529047781a:2:{i:0;s:17:\"_identity-backend\";i:1;s:46:\"[1,\"DE3sy_WUow5pppmo0qQEUiMUw1NZk7Kc\",2592000]\";}'
]

$_SERVER = [
    'REDIRECT_STATUS' => '200'
    'HTTP_HOST' => 'localhost'
    'HTTP_CONNECTION' => 'keep-alive'
    'HTTP_CACHE_CONTROL' => 'max-age=0'
    'HTTP_UPGRADE_INSECURE_REQUESTS' => '1'
    'HTTP_USER_AGENT' => 'Mozilla/5.0 (Windows NT 6.1; WOW64) AppleWebKit/537.36 (KHTML, like Gecko) Chrome/54.0.2840.87 Safari/537.36'
    'HTTP_ACCEPT' => 'text/html,application/xhtml+xml,application/xml;q=0.9,image/webp,*/*;q=0.8'
    'HTTP_ACCEPT_ENCODING' => 'gzip, deflate, sdch, br'
    'HTTP_ACCEPT_LANGUAGE' => 'en-GB,en-US;q=0.8,en;q=0.6'
    'HTTP_COOKIE' => '__tawkuuid=e::localhost::Ixzg54D1FnvqONvPb+ZhBe3axKxNhTM43oNvt9ZXT2mw5cMQktkEcCViLFPjYur/::2; Tawk_55ff89d9f39a668f7c6e11d4=vs6.tawk.to:443::0; PHPSESSID=4pjr2i8m79kvtr77d7jb3cfhi5; __atssc=twitter%3B1; _atshc={}; _csrf-backend=da25f7b0380d358c6c3c1a15c548a714ca85baf46c84ca24a18f848e8ea00885a%3A2%3A%7Bi%3A0%3Bs%3A13%3A%22_csrf-backend%22%3Bi%3A1%3Bs%3A32%3A%22oBEMlAGqHqnSQs638GtwhKiqB2o69JMz%22%3B%7D; _csrf-frontend=e6e298699f67ec4e4b97b923d8b6bb401e5221344e94e2d5809e8ea11e3f8b4fa%3A2%3A%7Bi%3A0%3Bs%3A14%3A%22_csrf-frontend%22%3Bi%3A1%3Bs%3A32%3A%22H32cGGKvaF-5E5c7TlYbKv3sVFOT3kuJ%22%3B%7D; __atuvc=33%7C46%2C10%7C47; advanced-frontend=qdruofq56j7rem6ptrtn2bl3m0; advanced-backend=mvjfnrtdqbj96ticqt7v3084l7; _identity-backend=70d30fea1c106d20df5ade93927072c6f9e93ea0ea73fc275131161529047781a%3A2%3A%7Bi%3A0%3Bs%3A17%3A%22_identity-backend%22%3Bi%3A1%3Bs%3A46%3A%22%5B1%2C%22DE3sy_WUow5pppmo0qQEUiMUw1NZk7Kc%22%2C2592000%5D%22%3B%7D'
    'PATH' => 'C:\\Program Files\\Broadcom\\Broadcom 802.11;C:\\Windows\\system32;C:\\Windows;C:\\Windows\\System32\\Wbem;C:\\Windows\\System32\\WindowsPowerShell\\v1.0\\;C:\\Program Files (x86)\\Brackets\\command;C:\\Program Files\\nodejs\\;C:\\wamp\\bin\\php\\php5.5.12;C:\\Program Files (x86)\\Skype\\Phone\\;C:\\ProgramData\\ComposerSetup\\bin;'
    'SystemRoot' => 'C:\\Windows'
    'COMSPEC' => 'C:\\Windows\\system32\\cmd.exe'
    'PATHEXT' => '.COM;.EXE;.BAT;.CMD;.VBS;.VBE;.JS;.JSE;.WSF;.WSH;.MSC'
    'WINDIR' => 'C:\\Windows'
    'SERVER_SIGNATURE' => '<address>Apache/2.4.23 (Win64) PHP/5.6.25 Server at localhost Port 80</address>
'
    'SERVER_SOFTWARE' => 'Apache/2.4.23 (Win64) PHP/5.6.25'
    'SERVER_NAME' => 'localhost'
    'SERVER_ADDR' => '::1'
    'SERVER_PORT' => '80'
    'REMOTE_ADDR' => '::1'
    'DOCUMENT_ROOT' => 'C:/wamp64/www'
    'REQUEST_SCHEME' => 'http'
    'CONTEXT_PREFIX' => ''
    'CONTEXT_DOCUMENT_ROOT' => 'C:/wamp64/www'
    'SERVER_ADMIN' => 'wampserver@wampserver.invalid'
    'SCRIPT_FILENAME' => 'C:/wamp64/www/advanced/api/web/index.php'
    'REMOTE_PORT' => '63791'
    'REDIRECT_URL' => '/advanced/api/web/driver/validateemail'
    'GATEWAY_INTERFACE' => 'CGI/1.1'
    'SERVER_PROTOCOL' => 'HTTP/1.1'
    'REQUEST_METHOD' => 'GET'
    'QUERY_STRING' => ''
    'REQUEST_URI' => '/advanced/api/web/driver/validateemail'
    'SCRIPT_NAME' => '/advanced/api/web/index.php'
    'PHP_SELF' => '/advanced/api/web/index.php'
    'REQUEST_TIME_FLOAT' => 1479726671.033
    'REQUEST_TIME' => 1479726671
]
2016-11-21 16:41:14 [::1][-][-][error][yii\web\HttpException:404] exception 'yii\base\InvalidRouteException' with message 'Unable to resolve the request: driver/driver/validateemail' in C:\wamp64\www\advanced\vendor\yiisoft\yii2\base\Controller.php:125
Stack trace:
#0 C:\wamp64\www\advanced\vendor\yiisoft\yii2\base\Module.php(454): yii\base\Controller->runAction('validateemail', Array)
#1 C:\wamp64\www\advanced\vendor\yiisoft\yii2\web\Application.php(100): yii\base\Module->runAction('driver/driver/v...', Array)
#2 C:\wamp64\www\advanced\vendor\yiisoft\yii2\base\Application.php(375): yii\web\Application->handleRequest(Object(yii\web\Request))
#3 C:\wamp64\www\advanced\api\web\index.php(19): yii\base\Application->run()
#4 {main}

Next exception 'yii\web\NotFoundHttpException' with message 'Page not found.' in C:\wamp64\www\advanced\vendor\yiisoft\yii2\web\Application.php:112
Stack trace:
#0 C:\wamp64\www\advanced\vendor\yiisoft\yii2\base\Application.php(375): yii\web\Application->handleRequest(Object(yii\web\Request))
#1 C:\wamp64\www\advanced\api\web\index.php(19): yii\base\Application->run()
#2 {main}
2016-11-21 16:41:14 [::1][-][-][info][application] $_COOKIE = [
    '__tawkuuid' => 'e::localhost::Ixzg54D1FnvqONvPb ZhBe3axKxNhTM43oNvt9ZXT2mw5cMQktkEcCViLFPjYur/::2'
    'Tawk_55ff89d9f39a668f7c6e11d4' => 'vs6.tawk.to:443::0'
    'PHPSESSID' => '4pjr2i8m79kvtr77d7jb3cfhi5'
    '__atssc' => 'twitter;1'
    '_atshc' => '{}'
    '_csrf-backend' => 'da25f7b0380d358c6c3c1a15c548a714ca85baf46c84ca24a18f848e8ea00885a:2:{i:0;s:13:\"_csrf-backend\";i:1;s:32:\"oBEMlAGqHqnSQs638GtwhKiqB2o69JMz\";}'
    '_csrf-frontend' => 'e6e298699f67ec4e4b97b923d8b6bb401e5221344e94e2d5809e8ea11e3f8b4fa:2:{i:0;s:14:\"_csrf-frontend\";i:1;s:32:\"H32cGGKvaF-5E5c7TlYbKv3sVFOT3kuJ\";}'
    '__atuvc' => '33|46,10|47'
    'advanced-frontend' => 'qdruofq56j7rem6ptrtn2bl3m0'
    'advanced-backend' => 'mvjfnrtdqbj96ticqt7v3084l7'
    '_identity-backend' => '70d30fea1c106d20df5ade93927072c6f9e93ea0ea73fc275131161529047781a:2:{i:0;s:17:\"_identity-backend\";i:1;s:46:\"[1,\"DE3sy_WUow5pppmo0qQEUiMUw1NZk7Kc\",2592000]\";}'
]

$_SERVER = [
    'REDIRECT_STATUS' => '200'
    'HTTP_HOST' => 'localhost'
    'HTTP_CONNECTION' => 'keep-alive'
    'HTTP_UPGRADE_INSECURE_REQUESTS' => '1'
    'HTTP_USER_AGENT' => 'Mozilla/5.0 (Windows NT 6.1; WOW64) AppleWebKit/537.36 (KHTML, like Gecko) Chrome/54.0.2840.87 Safari/537.36'
    'HTTP_ACCEPT' => 'text/html,application/xhtml+xml,application/xml;q=0.9,image/webp,*/*;q=0.8'
    'HTTP_ACCEPT_ENCODING' => 'gzip, deflate, sdch, br'
    'HTTP_ACCEPT_LANGUAGE' => 'en-GB,en-US;q=0.8,en;q=0.6'
    'HTTP_COOKIE' => '__tawkuuid=e::localhost::Ixzg54D1FnvqONvPb+ZhBe3axKxNhTM43oNvt9ZXT2mw5cMQktkEcCViLFPjYur/::2; Tawk_55ff89d9f39a668f7c6e11d4=vs6.tawk.to:443::0; PHPSESSID=4pjr2i8m79kvtr77d7jb3cfhi5; __atssc=twitter%3B1; _atshc={}; _csrf-backend=da25f7b0380d358c6c3c1a15c548a714ca85baf46c84ca24a18f848e8ea00885a%3A2%3A%7Bi%3A0%3Bs%3A13%3A%22_csrf-backend%22%3Bi%3A1%3Bs%3A32%3A%22oBEMlAGqHqnSQs638GtwhKiqB2o69JMz%22%3B%7D; _csrf-frontend=e6e298699f67ec4e4b97b923d8b6bb401e5221344e94e2d5809e8ea11e3f8b4fa%3A2%3A%7Bi%3A0%3Bs%3A14%3A%22_csrf-frontend%22%3Bi%3A1%3Bs%3A32%3A%22H32cGGKvaF-5E5c7TlYbKv3sVFOT3kuJ%22%3B%7D; __atuvc=33%7C46%2C10%7C47; advanced-frontend=qdruofq56j7rem6ptrtn2bl3m0; advanced-backend=mvjfnrtdqbj96ticqt7v3084l7; _identity-backend=70d30fea1c106d20df5ade93927072c6f9e93ea0ea73fc275131161529047781a%3A2%3A%7Bi%3A0%3Bs%3A17%3A%22_identity-backend%22%3Bi%3A1%3Bs%3A46%3A%22%5B1%2C%22DE3sy_WUow5pppmo0qQEUiMUw1NZk7Kc%22%2C2592000%5D%22%3B%7D'
    'PATH' => 'C:\\Program Files\\Broadcom\\Broadcom 802.11;C:\\Windows\\system32;C:\\Windows;C:\\Windows\\System32\\Wbem;C:\\Windows\\System32\\WindowsPowerShell\\v1.0\\;C:\\Program Files (x86)\\Brackets\\command;C:\\Program Files\\nodejs\\;C:\\wamp\\bin\\php\\php5.5.12;C:\\Program Files (x86)\\Skype\\Phone\\;C:\\ProgramData\\ComposerSetup\\bin;'
    'SystemRoot' => 'C:\\Windows'
    'COMSPEC' => 'C:\\Windows\\system32\\cmd.exe'
    'PATHEXT' => '.COM;.EXE;.BAT;.CMD;.VBS;.VBE;.JS;.JSE;.WSF;.WSH;.MSC'
    'WINDIR' => 'C:\\Windows'
    'SERVER_SIGNATURE' => '<address>Apache/2.4.23 (Win64) PHP/5.6.25 Server at localhost Port 80</address>
'
    'SERVER_SOFTWARE' => 'Apache/2.4.23 (Win64) PHP/5.6.25'
    'SERVER_NAME' => 'localhost'
    'SERVER_ADDR' => '::1'
    'SERVER_PORT' => '80'
    'REMOTE_ADDR' => '::1'
    'DOCUMENT_ROOT' => 'C:/wamp64/www'
    'REQUEST_SCHEME' => 'http'
    'CONTEXT_PREFIX' => ''
    'CONTEXT_DOCUMENT_ROOT' => 'C:/wamp64/www'
    'SERVER_ADMIN' => 'wampserver@wampserver.invalid'
    'SCRIPT_FILENAME' => 'C:/wamp64/www/advanced/api/web/index.php'
    'REMOTE_PORT' => '63791'
    'REDIRECT_URL' => '/advanced/api/web/driver/drivers/validateemail'
    'GATEWAY_INTERFACE' => 'CGI/1.1'
    'SERVER_PROTOCOL' => 'HTTP/1.1'
    'REQUEST_METHOD' => 'GET'
    'QUERY_STRING' => ''
    'REQUEST_URI' => '/advanced/api/web/driver/drivers/validateemail'
    'SCRIPT_NAME' => '/advanced/api/web/index.php'
    'PHP_SELF' => '/advanced/api/web/index.php'
    'REQUEST_TIME_FLOAT' => 1479726674.344
    'REQUEST_TIME' => 1479726674
]
2016-11-21 16:42:14 [::1][-][-][error][yii\web\HttpException:404] exception 'yii\base\InvalidRouteException' with message 'Unable to resolve the request: driver/driver/validateemail' in C:\wamp64\www\advanced\vendor\yiisoft\yii2\base\Controller.php:125
Stack trace:
#0 C:\wamp64\www\advanced\vendor\yiisoft\yii2\base\Module.php(454): yii\base\Controller->runAction('validateemail', Array)
#1 C:\wamp64\www\advanced\vendor\yiisoft\yii2\web\Application.php(100): yii\base\Module->runAction('driver/driver/v...', Array)
#2 C:\wamp64\www\advanced\vendor\yiisoft\yii2\base\Application.php(375): yii\web\Application->handleRequest(Object(yii\web\Request))
#3 C:\wamp64\www\advanced\api\web\index.php(19): yii\base\Application->run()
#4 {main}

Next exception 'yii\web\NotFoundHttpException' with message 'Page not found.' in C:\wamp64\www\advanced\vendor\yiisoft\yii2\web\Application.php:112
Stack trace:
#0 C:\wamp64\www\advanced\vendor\yiisoft\yii2\base\Application.php(375): yii\web\Application->handleRequest(Object(yii\web\Request))
#1 C:\wamp64\www\advanced\api\web\index.php(19): yii\base\Application->run()
#2 {main}
2016-11-21 16:42:14 [::1][-][-][info][application] $_COOKIE = [
    '__tawkuuid' => 'e::localhost::Ixzg54D1FnvqONvPb ZhBe3axKxNhTM43oNvt9ZXT2mw5cMQktkEcCViLFPjYur/::2'
    'Tawk_55ff89d9f39a668f7c6e11d4' => 'vs6.tawk.to:443::0'
    'PHPSESSID' => '4pjr2i8m79kvtr77d7jb3cfhi5'
    '__atssc' => 'twitter;1'
    '_atshc' => '{}'
    '_csrf-backend' => 'da25f7b0380d358c6c3c1a15c548a714ca85baf46c84ca24a18f848e8ea00885a:2:{i:0;s:13:\"_csrf-backend\";i:1;s:32:\"oBEMlAGqHqnSQs638GtwhKiqB2o69JMz\";}'
    '_csrf-frontend' => 'e6e298699f67ec4e4b97b923d8b6bb401e5221344e94e2d5809e8ea11e3f8b4fa:2:{i:0;s:14:\"_csrf-frontend\";i:1;s:32:\"H32cGGKvaF-5E5c7TlYbKv3sVFOT3kuJ\";}'
    '__atuvc' => '33|46,10|47'
    'advanced-frontend' => 'qdruofq56j7rem6ptrtn2bl3m0'
    'advanced-backend' => 'mvjfnrtdqbj96ticqt7v3084l7'
    '_identity-backend' => '70d30fea1c106d20df5ade93927072c6f9e93ea0ea73fc275131161529047781a:2:{i:0;s:17:\"_identity-backend\";i:1;s:46:\"[1,\"DE3sy_WUow5pppmo0qQEUiMUw1NZk7Kc\",2592000]\";}'
]

$_SERVER = [
    'REDIRECT_STATUS' => '200'
    'HTTP_HOST' => 'localhost'
    'HTTP_CONNECTION' => 'keep-alive'
    'HTTP_PRAGMA' => 'no-cache'
    'HTTP_CACHE_CONTROL' => 'no-cache'
    'HTTP_UPGRADE_INSECURE_REQUESTS' => '1'
    'HTTP_USER_AGENT' => 'Mozilla/5.0 (Windows NT 6.1; WOW64) AppleWebKit/537.36 (KHTML, like Gecko) Chrome/54.0.2840.87 Safari/537.36'
    'HTTP_ACCEPT' => 'text/html,application/xhtml+xml,application/xml;q=0.9,image/webp,*/*;q=0.8'
    'HTTP_ACCEPT_ENCODING' => 'gzip, deflate, sdch, br'
    'HTTP_ACCEPT_LANGUAGE' => 'en-GB,en-US;q=0.8,en;q=0.6'
    'HTTP_COOKIE' => '__tawkuuid=e::localhost::Ixzg54D1FnvqONvPb+ZhBe3axKxNhTM43oNvt9ZXT2mw5cMQktkEcCViLFPjYur/::2; Tawk_55ff89d9f39a668f7c6e11d4=vs6.tawk.to:443::0; PHPSESSID=4pjr2i8m79kvtr77d7jb3cfhi5; __atssc=twitter%3B1; _atshc={}; _csrf-backend=da25f7b0380d358c6c3c1a15c548a714ca85baf46c84ca24a18f848e8ea00885a%3A2%3A%7Bi%3A0%3Bs%3A13%3A%22_csrf-backend%22%3Bi%3A1%3Bs%3A32%3A%22oBEMlAGqHqnSQs638GtwhKiqB2o69JMz%22%3B%7D; _csrf-frontend=e6e298699f67ec4e4b97b923d8b6bb401e5221344e94e2d5809e8ea11e3f8b4fa%3A2%3A%7Bi%3A0%3Bs%3A14%3A%22_csrf-frontend%22%3Bi%3A1%3Bs%3A32%3A%22H32cGGKvaF-5E5c7TlYbKv3sVFOT3kuJ%22%3B%7D; __atuvc=33%7C46%2C10%7C47; advanced-frontend=qdruofq56j7rem6ptrtn2bl3m0; advanced-backend=mvjfnrtdqbj96ticqt7v3084l7; _identity-backend=70d30fea1c106d20df5ade93927072c6f9e93ea0ea73fc275131161529047781a%3A2%3A%7Bi%3A0%3Bs%3A17%3A%22_identity-backend%22%3Bi%3A1%3Bs%3A46%3A%22%5B1%2C%22DE3sy_WUow5pppmo0qQEUiMUw1NZk7Kc%22%2C2592000%5D%22%3B%7D'
    'PATH' => 'C:\\Program Files\\Broadcom\\Broadcom 802.11;C:\\Windows\\system32;C:\\Windows;C:\\Windows\\System32\\Wbem;C:\\Windows\\System32\\WindowsPowerShell\\v1.0\\;C:\\Program Files (x86)\\Brackets\\command;C:\\Program Files\\nodejs\\;C:\\wamp\\bin\\php\\php5.5.12;C:\\Program Files (x86)\\Skype\\Phone\\;C:\\ProgramData\\ComposerSetup\\bin;'
    'SystemRoot' => 'C:\\Windows'
    'COMSPEC' => 'C:\\Windows\\system32\\cmd.exe'
    'PATHEXT' => '.COM;.EXE;.BAT;.CMD;.VBS;.VBE;.JS;.JSE;.WSF;.WSH;.MSC'
    'WINDIR' => 'C:\\Windows'
    'SERVER_SIGNATURE' => '<address>Apache/2.4.23 (Win64) PHP/5.6.25 Server at localhost Port 80</address>
'
    'SERVER_SOFTWARE' => 'Apache/2.4.23 (Win64) PHP/5.6.25'
    'SERVER_NAME' => 'localhost'
    'SERVER_ADDR' => '::1'
    'SERVER_PORT' => '80'
    'REMOTE_ADDR' => '::1'
    'DOCUMENT_ROOT' => 'C:/wamp64/www'
    'REQUEST_SCHEME' => 'http'
    'CONTEXT_PREFIX' => ''
    'CONTEXT_DOCUMENT_ROOT' => 'C:/wamp64/www'
    'SERVER_ADMIN' => 'wampserver@wampserver.invalid'
    'SCRIPT_FILENAME' => 'C:/wamp64/www/advanced/api/web/index.php'
    'REMOTE_PORT' => '63796'
    'REDIRECT_URL' => '/advanced/api/web/driver/drivers/validateemail'
    'GATEWAY_INTERFACE' => 'CGI/1.1'
    'SERVER_PROTOCOL' => 'HTTP/1.1'
    'REQUEST_METHOD' => 'GET'
    'QUERY_STRING' => ''
    'REQUEST_URI' => '/advanced/api/web/driver/drivers/validateemail'
    'SCRIPT_NAME' => '/advanced/api/web/index.php'
    'PHP_SELF' => '/advanced/api/web/index.php'
    'REQUEST_TIME_FLOAT' => 1479726734.281
    'REQUEST_TIME' => 1479726734
]
2016-11-21 16:45:40 [::1][-][-][error][yii\web\HttpException:404] exception 'yii\base\InvalidRouteException' with message 'Unable to resolve the request: driver/driver/validateemail' in C:\wamp64\www\advanced\vendor\yiisoft\yii2\base\Controller.php:125
Stack trace:
#0 C:\wamp64\www\advanced\vendor\yiisoft\yii2\base\Module.php(454): yii\base\Controller->runAction('validateemail', Array)
#1 C:\wamp64\www\advanced\vendor\yiisoft\yii2\web\Application.php(100): yii\base\Module->runAction('driver/driver/v...', Array)
#2 C:\wamp64\www\advanced\vendor\yiisoft\yii2\base\Application.php(375): yii\web\Application->handleRequest(Object(yii\web\Request))
#3 C:\wamp64\www\advanced\api\web\index.php(19): yii\base\Application->run()
#4 {main}

Next exception 'yii\web\NotFoundHttpException' with message 'Page not found.' in C:\wamp64\www\advanced\vendor\yiisoft\yii2\web\Application.php:112
Stack trace:
#0 C:\wamp64\www\advanced\vendor\yiisoft\yii2\base\Application.php(375): yii\web\Application->handleRequest(Object(yii\web\Request))
#1 C:\wamp64\www\advanced\api\web\index.php(19): yii\base\Application->run()
#2 {main}
2016-11-21 16:45:40 [::1][-][-][info][application] $_SERVER = [
    'REDIRECT_STATUS' => '200'
    'HTTP_HOST' => 'localhost'
    'CONTENT_TYPE' => 'application/x-www-form-urlencoded'
    'PATH' => 'C:\\Program Files\\Broadcom\\Broadcom 802.11;C:\\Windows\\system32;C:\\Windows;C:\\Windows\\System32\\Wbem;C:\\Windows\\System32\\WindowsPowerShell\\v1.0\\;C:\\Program Files (x86)\\Brackets\\command;C:\\Program Files\\nodejs\\;C:\\wamp\\bin\\php\\php5.5.12;C:\\Program Files (x86)\\Skype\\Phone\\;C:\\ProgramData\\ComposerSetup\\bin;'
    'SystemRoot' => 'C:\\Windows'
    'COMSPEC' => 'C:\\Windows\\system32\\cmd.exe'
    'PATHEXT' => '.COM;.EXE;.BAT;.CMD;.VBS;.VBE;.JS;.JSE;.WSF;.WSH;.MSC'
    'WINDIR' => 'C:\\Windows'
    'SERVER_SIGNATURE' => '<address>Apache/2.4.23 (Win64) PHP/5.6.25 Server at localhost Port 80</address>
'
    'SERVER_SOFTWARE' => 'Apache/2.4.23 (Win64) PHP/5.6.25'
    'SERVER_NAME' => 'localhost'
    'SERVER_ADDR' => '::1'
    'SERVER_PORT' => '80'
    'REMOTE_ADDR' => '::1'
    'DOCUMENT_ROOT' => 'C:/wamp64/www'
    'REQUEST_SCHEME' => 'http'
    'CONTEXT_PREFIX' => ''
    'CONTEXT_DOCUMENT_ROOT' => 'C:/wamp64/www'
    'SERVER_ADMIN' => 'wampserver@wampserver.invalid'
    'SCRIPT_FILENAME' => 'C:/wamp64/www/advanced/api/web/index.php'
    'REMOTE_PORT' => '63803'
    'REDIRECT_URL' => '/advanced/api/web/driver/drivers/validateemail'
    'GATEWAY_INTERFACE' => 'CGI/1.1'
    'SERVER_PROTOCOL' => 'HTTP/1.1'
    'REQUEST_METHOD' => 'GET'
    'QUERY_STRING' => ''
    'REQUEST_URI' => '/advanced/api/web/driver/drivers/validateemail'
    'SCRIPT_NAME' => '/advanced/api/web/index.php'
    'PHP_SELF' => '/advanced/api/web/index.php'
    'REQUEST_TIME_FLOAT' => 1479726940.388
    'REQUEST_TIME' => 1479726940
]
2016-11-21 16:46:10 [::1][-][-][error][yii\web\HttpException:404] exception 'yii\base\InvalidRouteException' with message 'Unable to resolve the request: driver/driver/validateemail' in C:\wamp64\www\advanced\vendor\yiisoft\yii2\base\Controller.php:125
Stack trace:
#0 C:\wamp64\www\advanced\vendor\yiisoft\yii2\base\Module.php(454): yii\base\Controller->runAction('validateemail', Array)
#1 C:\wamp64\www\advanced\vendor\yiisoft\yii2\web\Application.php(100): yii\base\Module->runAction('driver/driver/v...', Array)
#2 C:\wamp64\www\advanced\vendor\yiisoft\yii2\base\Application.php(375): yii\web\Application->handleRequest(Object(yii\web\Request))
#3 C:\wamp64\www\advanced\api\web\index.php(19): yii\base\Application->run()
#4 {main}

Next exception 'yii\web\NotFoundHttpException' with message 'Page not found.' in C:\wamp64\www\advanced\vendor\yiisoft\yii2\web\Application.php:112
Stack trace:
#0 C:\wamp64\www\advanced\vendor\yiisoft\yii2\base\Application.php(375): yii\web\Application->handleRequest(Object(yii\web\Request))
#1 C:\wamp64\www\advanced\api\web\index.php(19): yii\base\Application->run()
#2 {main}
2016-11-21 16:46:10 [::1][-][-][info][application] $_SERVER = [
    'REDIRECT_STATUS' => '200'
    'HTTP_HOST' => 'localhost'
    'CONTENT_TYPE' => 'application/x-www-form-urlencoded'
    'CONTENT_LENGTH' => '0'
    'PATH' => 'C:\\Program Files\\Broadcom\\Broadcom 802.11;C:\\Windows\\system32;C:\\Windows;C:\\Windows\\System32\\Wbem;C:\\Windows\\System32\\WindowsPowerShell\\v1.0\\;C:\\Program Files (x86)\\Brackets\\command;C:\\Program Files\\nodejs\\;C:\\wamp\\bin\\php\\php5.5.12;C:\\Program Files (x86)\\Skype\\Phone\\;C:\\ProgramData\\ComposerSetup\\bin;'
    'SystemRoot' => 'C:\\Windows'
    'COMSPEC' => 'C:\\Windows\\system32\\cmd.exe'
    'PATHEXT' => '.COM;.EXE;.BAT;.CMD;.VBS;.VBE;.JS;.JSE;.WSF;.WSH;.MSC'
    'WINDIR' => 'C:\\Windows'
    'SERVER_SIGNATURE' => '<address>Apache/2.4.23 (Win64) PHP/5.6.25 Server at localhost Port 80</address>
'
    'SERVER_SOFTWARE' => 'Apache/2.4.23 (Win64) PHP/5.6.25'
    'SERVER_NAME' => 'localhost'
    'SERVER_ADDR' => '::1'
    'SERVER_PORT' => '80'
    'REMOTE_ADDR' => '::1'
    'DOCUMENT_ROOT' => 'C:/wamp64/www'
    'REQUEST_SCHEME' => 'http'
    'CONTEXT_PREFIX' => ''
    'CONTEXT_DOCUMENT_ROOT' => 'C:/wamp64/www'
    'SERVER_ADMIN' => 'wampserver@wampserver.invalid'
    'SCRIPT_FILENAME' => 'C:/wamp64/www/advanced/api/web/index.php'
    'REMOTE_PORT' => '63804'
    'REDIRECT_URL' => '/advanced/api/web/driver/drivers/validateemail'
    'GATEWAY_INTERFACE' => 'CGI/1.1'
    'SERVER_PROTOCOL' => 'HTTP/1.1'
    'REQUEST_METHOD' => 'POST'
    'QUERY_STRING' => ''
    'REQUEST_URI' => '/advanced/api/web/driver/drivers/validateemail'
    'SCRIPT_NAME' => '/advanced/api/web/index.php'
    'PHP_SELF' => '/advanced/api/web/index.php'
    'REQUEST_TIME_FLOAT' => 1479726970.71
    'REQUEST_TIME' => 1479726970
]
2016-11-21 16:47:16 [::1][-][-][error][yii\web\HttpException:404] exception 'yii\base\InvalidRouteException' with message 'Unable to resolve the request: driver/driver/validateemail' in C:\wamp64\www\advanced\vendor\yiisoft\yii2\base\Controller.php:125
Stack trace:
#0 C:\wamp64\www\advanced\vendor\yiisoft\yii2\base\Module.php(454): yii\base\Controller->runAction('validateemail', Array)
#1 C:\wamp64\www\advanced\vendor\yiisoft\yii2\web\Application.php(100): yii\base\Module->runAction('driver/driver/v...', Array)
#2 C:\wamp64\www\advanced\vendor\yiisoft\yii2\base\Application.php(375): yii\web\Application->handleRequest(Object(yii\web\Request))
#3 C:\wamp64\www\advanced\api\web\index.php(19): yii\base\Application->run()
#4 {main}

Next exception 'yii\web\NotFoundHttpException' with message 'Page not found.' in C:\wamp64\www\advanced\vendor\yiisoft\yii2\web\Application.php:112
Stack trace:
#0 C:\wamp64\www\advanced\vendor\yiisoft\yii2\base\Application.php(375): yii\web\Application->handleRequest(Object(yii\web\Request))
#1 C:\wamp64\www\advanced\api\web\index.php(19): yii\base\Application->run()
#2 {main}
2016-11-21 16:47:16 [::1][-][-][info][application] $_SERVER = [
    'REDIRECT_STATUS' => '200'
    'HTTP_HOST' => 'localhost'
    'CONTENT_TYPE' => 'application/x-www-form-urlencoded'
    'PATH' => 'C:\\Program Files\\Broadcom\\Broadcom 802.11;C:\\Windows\\system32;C:\\Windows;C:\\Windows\\System32\\Wbem;C:\\Windows\\System32\\WindowsPowerShell\\v1.0\\;C:\\Program Files (x86)\\Brackets\\command;C:\\Program Files\\nodejs\\;C:\\wamp\\bin\\php\\php5.5.12;C:\\Program Files (x86)\\Skype\\Phone\\;C:\\ProgramData\\ComposerSetup\\bin;'
    'SystemRoot' => 'C:\\Windows'
    'COMSPEC' => 'C:\\Windows\\system32\\cmd.exe'
    'PATHEXT' => '.COM;.EXE;.BAT;.CMD;.VBS;.VBE;.JS;.JSE;.WSF;.WSH;.MSC'
    'WINDIR' => 'C:\\Windows'
    'SERVER_SIGNATURE' => '<address>Apache/2.4.23 (Win64) PHP/5.6.25 Server at localhost Port 80</address>
'
    'SERVER_SOFTWARE' => 'Apache/2.4.23 (Win64) PHP/5.6.25'
    'SERVER_NAME' => 'localhost'
    'SERVER_ADDR' => '::1'
    'SERVER_PORT' => '80'
    'REMOTE_ADDR' => '::1'
    'DOCUMENT_ROOT' => 'C:/wamp64/www'
    'REQUEST_SCHEME' => 'http'
    'CONTEXT_PREFIX' => ''
    'CONTEXT_DOCUMENT_ROOT' => 'C:/wamp64/www'
    'SERVER_ADMIN' => 'wampserver@wampserver.invalid'
    'SCRIPT_FILENAME' => 'C:/wamp64/www/advanced/api/web/index.php'
    'REMOTE_PORT' => '63807'
    'REDIRECT_URL' => '/advanced/api/web/driver/drivers/validateemail'
    'GATEWAY_INTERFACE' => 'CGI/1.1'
    'SERVER_PROTOCOL' => 'HTTP/1.1'
    'REQUEST_METHOD' => 'GET'
    'QUERY_STRING' => ''
    'REQUEST_URI' => '/advanced/api/web/driver/drivers/validateemail'
    'SCRIPT_NAME' => '/advanced/api/web/index.php'
    'PHP_SELF' => '/advanced/api/web/index.php'
    'REQUEST_TIME_FLOAT' => 1479727036.614
    'REQUEST_TIME' => 1479727036
]
2016-11-21 17:51:02 [::1][-][-][error][yii\web\HttpException:404] exception 'yii\base\InvalidRouteException' with message 'Unable to resolve the request: driver/driver/view' in C:\wamp64\www\advanced\vendor\yiisoft\yii2\base\Controller.php:125
Stack trace:
#0 C:\wamp64\www\advanced\vendor\yiisoft\yii2\base\Module.php(454): yii\base\Controller->runAction('view', Array)
#1 C:\wamp64\www\advanced\vendor\yiisoft\yii2\web\Application.php(100): yii\base\Module->runAction('driver/driver/v...', Array)
#2 C:\wamp64\www\advanced\vendor\yiisoft\yii2\base\Application.php(375): yii\web\Application->handleRequest(Object(yii\web\Request))
#3 C:\wamp64\www\advanced\api\web\index.php(19): yii\base\Application->run()
#4 {main}

Next exception 'yii\web\NotFoundHttpException' with message 'Page not found.' in C:\wamp64\www\advanced\vendor\yiisoft\yii2\web\Application.php:112
Stack trace:
#0 C:\wamp64\www\advanced\vendor\yiisoft\yii2\base\Application.php(375): yii\web\Application->handleRequest(Object(yii\web\Request))
#1 C:\wamp64\www\advanced\api\web\index.php(19): yii\base\Application->run()
#2 {main}
2016-11-21 17:51:02 [::1][-][-][info][application] $_GET = [
    'id' => 'validateemail'
]

$_COOKIE = [
    '__tawkuuid' => 'e::localhost::Ixzg54D1FnvqONvPb ZhBe3axKxNhTM43oNvt9ZXT2mw5cMQktkEcCViLFPjYur/::2'
    'Tawk_55ff89d9f39a668f7c6e11d4' => 'vs6.tawk.to:443::0'
    'PHPSESSID' => '4pjr2i8m79kvtr77d7jb3cfhi5'
    '__atssc' => 'twitter;1'
    '_atshc' => '{}'
    '_csrf-backend' => 'da25f7b0380d358c6c3c1a15c548a714ca85baf46c84ca24a18f848e8ea00885a:2:{i:0;s:13:\"_csrf-backend\";i:1;s:32:\"oBEMlAGqHqnSQs638GtwhKiqB2o69JMz\";}'
    '_csrf-frontend' => 'e6e298699f67ec4e4b97b923d8b6bb401e5221344e94e2d5809e8ea11e3f8b4fa:2:{i:0;s:14:\"_csrf-frontend\";i:1;s:32:\"H32cGGKvaF-5E5c7TlYbKv3sVFOT3kuJ\";}'
    '__atuvc' => '33|46,10|47'
    'advanced-frontend' => 'qdruofq56j7rem6ptrtn2bl3m0'
    'advanced-backend' => 'mvjfnrtdqbj96ticqt7v3084l7'
    '_identity-backend' => '70d30fea1c106d20df5ade93927072c6f9e93ea0ea73fc275131161529047781a:2:{i:0;s:17:\"_identity-backend\";i:1;s:46:\"[1,\"DE3sy_WUow5pppmo0qQEUiMUw1NZk7Kc\",2592000]\";}'
]

$_SERVER = [
    'REDIRECT_STATUS' => '200'
    'HTTP_HOST' => 'localhost'
    'HTTP_CONNECTION' => 'keep-alive'
    'HTTP_CACHE_CONTROL' => 'max-age=0'
    'HTTP_UPGRADE_INSECURE_REQUESTS' => '1'
    'HTTP_USER_AGENT' => 'Mozilla/5.0 (Windows NT 6.1; WOW64) AppleWebKit/537.36 (KHTML, like Gecko) Chrome/54.0.2840.87 Safari/537.36'
    'HTTP_ACCEPT' => 'text/html,application/xhtml+xml,application/xml;q=0.9,image/webp,*/*;q=0.8'
    'HTTP_ACCEPT_ENCODING' => 'gzip, deflate, sdch, br'
    'HTTP_ACCEPT_LANGUAGE' => 'en-GB,en-US;q=0.8,en;q=0.6'
    'HTTP_COOKIE' => '__tawkuuid=e::localhost::Ixzg54D1FnvqONvPb+ZhBe3axKxNhTM43oNvt9ZXT2mw5cMQktkEcCViLFPjYur/::2; Tawk_55ff89d9f39a668f7c6e11d4=vs6.tawk.to:443::0; PHPSESSID=4pjr2i8m79kvtr77d7jb3cfhi5; __atssc=twitter%3B1; _atshc={}; _csrf-backend=da25f7b0380d358c6c3c1a15c548a714ca85baf46c84ca24a18f848e8ea00885a%3A2%3A%7Bi%3A0%3Bs%3A13%3A%22_csrf-backend%22%3Bi%3A1%3Bs%3A32%3A%22oBEMlAGqHqnSQs638GtwhKiqB2o69JMz%22%3B%7D; _csrf-frontend=e6e298699f67ec4e4b97b923d8b6bb401e5221344e94e2d5809e8ea11e3f8b4fa%3A2%3A%7Bi%3A0%3Bs%3A14%3A%22_csrf-frontend%22%3Bi%3A1%3Bs%3A32%3A%22H32cGGKvaF-5E5c7TlYbKv3sVFOT3kuJ%22%3B%7D; __atuvc=33%7C46%2C10%7C47; advanced-frontend=qdruofq56j7rem6ptrtn2bl3m0; advanced-backend=mvjfnrtdqbj96ticqt7v3084l7; _identity-backend=70d30fea1c106d20df5ade93927072c6f9e93ea0ea73fc275131161529047781a%3A2%3A%7Bi%3A0%3Bs%3A17%3A%22_identity-backend%22%3Bi%3A1%3Bs%3A46%3A%22%5B1%2C%22DE3sy_WUow5pppmo0qQEUiMUw1NZk7Kc%22%2C2592000%5D%22%3B%7D'
    'PATH' => 'C:\\Program Files\\Broadcom\\Broadcom 802.11;C:\\Windows\\system32;C:\\Windows;C:\\Windows\\System32\\Wbem;C:\\Windows\\System32\\WindowsPowerShell\\v1.0\\;C:\\Program Files (x86)\\Brackets\\command;C:\\Program Files\\nodejs\\;C:\\wamp\\bin\\php\\php5.5.12;C:\\Program Files (x86)\\Skype\\Phone\\;C:\\ProgramData\\ComposerSetup\\bin;'
    'SystemRoot' => 'C:\\Windows'
    'COMSPEC' => 'C:\\Windows\\system32\\cmd.exe'
    'PATHEXT' => '.COM;.EXE;.BAT;.CMD;.VBS;.VBE;.JS;.JSE;.WSF;.WSH;.MSC'
    'WINDIR' => 'C:\\Windows'
    'SERVER_SIGNATURE' => '<address>Apache/2.4.23 (Win64) PHP/5.6.25 Server at localhost Port 80</address>
'
    'SERVER_SOFTWARE' => 'Apache/2.4.23 (Win64) PHP/5.6.25'
    'SERVER_NAME' => 'localhost'
    'SERVER_ADDR' => '::1'
    'SERVER_PORT' => '80'
    'REMOTE_ADDR' => '::1'
    'DOCUMENT_ROOT' => 'C:/wamp64/www'
    'REQUEST_SCHEME' => 'http'
    'CONTEXT_PREFIX' => ''
    'CONTEXT_DOCUMENT_ROOT' => 'C:/wamp64/www'
    'SERVER_ADMIN' => 'wampserver@wampserver.invalid'
    'SCRIPT_FILENAME' => 'C:/wamp64/www/advanced/api/web/index.php'
    'REMOTE_PORT' => '65140'
    'REDIRECT_URL' => '/advanced/api/web/driver/drivers/validateemail'
    'GATEWAY_INTERFACE' => 'CGI/1.1'
    'SERVER_PROTOCOL' => 'HTTP/1.1'
    'REQUEST_METHOD' => 'GET'
    'QUERY_STRING' => ''
    'REQUEST_URI' => '/advanced/api/web/driver/drivers/validateemail'
    'SCRIPT_NAME' => '/advanced/api/web/index.php'
    'PHP_SELF' => '/advanced/api/web/index.php'
    'REQUEST_TIME_FLOAT' => 1479730862.477
    'REQUEST_TIME' => 1479730862
]
